mode: atomic
github.com/TerraDharitri/drt-go-chain-notifier/api/shared/common.go:18.79,23.2 1 0
github.com/TerraDharitri/drt-go-chain-notifier/disabled/disabledHub.go:13.49,14.2 0 0
github.com/TerraDharitri/drt-go-chain-notifier/disabled/disabledHub.go:17.60,18.2 0 0
github.com/TerraDharitri/drt-go-chain-notifier/disabled/disabledHub.go:21.69,22.2 0 0
github.com/TerraDharitri/drt-go-chain-notifier/disabled/disabledHub.go:25.51,26.2 0 0
github.com/TerraDharitri/drt-go-chain-notifier/disabled/disabledHub.go:29.54,30.2 0 0
github.com/TerraDharitri/drt-go-chain-notifier/disabled/disabledHub.go:33.80,34.2 0 0
github.com/TerraDharitri/drt-go-chain-notifier/disabled/disabledHub.go:37.71,38.2 0 0
github.com/TerraDharitri/drt-go-chain-notifier/disabled/disabledHub.go:41.60,42.2 0 0
github.com/TerraDharitri/drt-go-chain-notifier/disabled/disabledHub.go:45.62,46.2 0 0
github.com/TerraDharitri/drt-go-chain-notifier/disabled/disabledHub.go:49.49,50.2 0 0
github.com/TerraDharitri/drt-go-chain-notifier/disabled/disabledHub.go:53.29,55.2 1 0
github.com/TerraDharitri/drt-go-chain-notifier/disabled/disabledHub.go:58.37,60.2 1 0
github.com/TerraDharitri/drt-go-chain-notifier/disabled/disabledPublisher.go:11.29,12.2 0 0
github.com/TerraDharitri/drt-go-chain-notifier/disabled/disabledPublisher.go:15.53,16.2 0 0
github.com/TerraDharitri/drt-go-chain-notifier/disabled/disabledPublisher.go:19.59,20.2 0 0
github.com/TerraDharitri/drt-go-chain-notifier/disabled/disabledPublisher.go:23.65,24.2 0 0
github.com/TerraDharitri/drt-go-chain-notifier/disabled/disabledPublisher.go:27.53,28.2 0 0
github.com/TerraDharitri/drt-go-chain-notifier/disabled/disabledPublisher.go:31.55,32.2 0 0
github.com/TerraDharitri/drt-go-chain-notifier/disabled/disabledPublisher.go:35.82,36.2 0 0
github.com/TerraDharitri/drt-go-chain-notifier/disabled/disabledPublisher.go:39.36,41.2 1 0
github.com/TerraDharitri/drt-go-chain-notifier/disabled/disabledPublisher.go:44.44,46.2 1 0
github.com/TerraDharitri/drt-go-chain-notifier/disabled/disabledRedlock.go:9.58,11.2 1 0
github.com/TerraDharitri/drt-go-chain-notifier/disabled/disabledRedlock.go:14.96,16.2 1 0
github.com/TerraDharitri/drt-go-chain-notifier/disabled/disabledRedlock.go:19.74,21.2 1 0
github.com/TerraDharitri/drt-go-chain-notifier/disabled/disabledRedlock.go:24.58,26.2 1 0
github.com/TerraDharitri/drt-go-chain-notifier/disabled/disabledWSHandler.go:10.73,11.2 0 0
github.com/TerraDharitri/drt-go-chain-notifier/disabled/disabledWSHandler.go:14.36,16.2 1 0
github.com/TerraDharitri/drt-go-chain-notifier/disabled/disabledWSHandler.go:19.44,21.2 1 0
github.com/TerraDharitri/drt-go-chain-notifier/factory/hubFactory.go:12.56,13.17 1 0
github.com/TerraDharitri/drt-go-chain-notifier/factory/hubFactory.go:14.40,15.30 1 0
github.com/TerraDharitri/drt-go-chain-notifier/factory/hubFactory.go:16.30,17.21 1 0
github.com/TerraDharitri/drt-go-chain-notifier/factory/hubFactory.go:18.10,19.39 1 0
github.com/TerraDharitri/drt-go-chain-notifier/factory/hubFactory.go:23.42,29.2 2 0
github.com/TerraDharitri/drt-go-chain-notifier/factory/lockerFactory.go:11.100,12.22 1 0
github.com/TerraDharitri/drt-go-chain-notifier/factory/lockerFactory.go:12.22,14.3 1 0
github.com/TerraDharitri/drt-go-chain-notifier/factory/lockerFactory.go:16.2,17.16 2 0
github.com/TerraDharitri/drt-go-chain-notifier/factory/lockerFactory.go:17.16,19.3 1 0
github.com/TerraDharitri/drt-go-chain-notifier/factory/lockerFactory.go:21.2,26.16 3 0
github.com/TerraDharitri/drt-go-chain-notifier/factory/lockerFactory.go:26.16,28.3 1 0
github.com/TerraDharitri/drt-go-chain-notifier/factory/lockerFactory.go:30.2,30.25 1 0
github.com/TerraDharitri/drt-go-chain-notifier/factory/lockerFactory.go:33.77,34.28 1 0
github.com/TerraDharitri/drt-go-chain-notifier/factory/lockerFactory.go:35.36,36.39 1 0
github.com/TerraDharitri/drt-go-chain-notifier/factory/lockerFactory.go:37.36,38.41 1 0
github.com/TerraDharitri/drt-go-chain-notifier/factory/lockerFactory.go:39.10,40.45 1 0
github.com/TerraDharitri/drt-go-chain-notifier/factory/processFactory.go:20.91,22.16 2 0
github.com/TerraDharitri/drt-go-chain-notifier/factory/processFactory.go:22.16,24.3 1 0
github.com/TerraDharitri/drt-go-chain-notifier/factory/processFactory.go:26.2,31.60 2 0
github.com/TerraDharitri/drt-go-chain-notifier/factory/processFactory.go:34.81,35.35 1 0
github.com/TerraDharitri/drt-go-chain-notifier/factory/processFactory.go:36.33,37.108 1 0
github.com/TerraDharitri/drt-go-chain-notifier/factory/processFactory.go:38.10,39.51 1 0
github.com/TerraDharitri/drt-go-chain-notifier/factory/processFactory.go:44.129,50.16 3 0
github.com/TerraDharitri/drt-go-chain-notifier/factory/processFactory.go:50.16,52.3 1 0
github.com/TerraDharitri/drt-go-chain-notifier/factory/processFactory.go:54.2,55.16 2 0
github.com/TerraDharitri/drt-go-chain-notifier/factory/processFactory.go:55.16,57.3 1 0
github.com/TerraDharitri/drt-go-chain-notifier/factory/processFactory.go:59.2,59.28 1 0
github.com/TerraDharitri/drt-go-chain-notifier/factory/processFactory.go:62.134,66.16 3 0
github.com/TerraDharitri/drt-go-chain-notifier/factory/processFactory.go:66.16,68.3 1 0
github.com/TerraDharitri/drt-go-chain-notifier/factory/processFactory.go:69.2,72.16 3 0
github.com/TerraDharitri/drt-go-chain-notifier/factory/processFactory.go:72.16,74.3 1 0
github.com/TerraDharitri/drt-go-chain-notifier/factory/processFactory.go:75.2,77.30 2 0
github.com/TerraDharitri/drt-go-chain-notifier/factory/pubsubFactory.go:18.30,19.17 1 0
github.com/TerraDharitri/drt-go-chain-notifier/factory/pubsubFactory.go:20.40,21.62 1 0
github.com/TerraDharitri/drt-go-chain-notifier/factory/pubsubFactory.go:22.30,23.38 1 0
github.com/TerraDharitri/drt-go-chain-notifier/factory/pubsubFactory.go:24.10,25.39 1 0
github.com/TerraDharitri/drt-go-chain-notifier/factory/pubsubFactory.go:29.127,31.16 2 0
github.com/TerraDharitri/drt-go-chain-notifier/factory/pubsubFactory.go:31.16,33.3 1 0
github.com/TerraDharitri/drt-go-chain-notifier/factory/pubsubFactory.go:35.2,41.16 3 0
github.com/TerraDharitri/drt-go-chain-notifier/factory/pubsubFactory.go:41.16,43.3 1 0
github.com/TerraDharitri/drt-go-chain-notifier/factory/pubsubFactory.go:45.2,45.46 1 0
github.com/TerraDharitri/drt-go-chain-notifier/factory/pubsubFactory.go:48.77,50.2 1 0
github.com/TerraDharitri/drt-go-chain-notifier/factory/webFactory.go:11.115,13.16 2 0
github.com/TerraDharitri/drt-go-chain-notifier/factory/webFactory.go:13.16,15.3 1 0
github.com/TerraDharitri/drt-go-chain-notifier/factory/webFactory.go:17.2,18.16 2 0
github.com/TerraDharitri/drt-go-chain-notifier/factory/webFactory.go:18.16,20.3 1 0
github.com/TerraDharitri/drt-go-chain-notifier/factory/webFactory.go:22.2,28.47 2 0
github.com/TerraDharitri/drt-go-chain-notifier/factory/wsFactory.go:22.136,23.17 1 0
github.com/TerraDharitri/drt-go-chain-notifier/factory/wsFactory.go:24.40,25.36 1 0
github.com/TerraDharitri/drt-go-chain-notifier/factory/wsFactory.go:26.30,27.51 1 0
github.com/TerraDharitri/drt-go-chain-notifier/factory/wsFactory.go:28.10,29.39 1 0
github.com/TerraDharitri/drt-go-chain-notifier/factory/wsFactory.go:33.120,35.16 2 0
github.com/TerraDharitri/drt-go-chain-notifier/factory/wsFactory.go:35.16,37.3 1 0
github.com/TerraDharitri/drt-go-chain-notifier/factory/wsFactory.go:39.2,44.39 2 0
github.com/TerraDharitri/drt-go-chain-notifier/factory/wsFactory.go:51.29,52.20 1 0
github.com/TerraDharitri/drt-go-chain-notifier/factory/wsFactory.go:52.20,54.3 1 0
github.com/TerraDharitri/drt-go-chain-notifier/factory/wsFactory.go:56.2,56.35 1 0
github.com/TerraDharitri/drt-go-chain-notifier/factory/wsFactory.go:62.29,64.16 2 0
github.com/TerraDharitri/drt-go-chain-notifier/factory/wsFactory.go:64.16,66.3 1 0
github.com/TerraDharitri/drt-go-chain-notifier/factory/wsFactory.go:68.2,69.16 2 0
github.com/TerraDharitri/drt-go-chain-notifier/factory/wsFactory.go:69.16,71.3 1 0
github.com/TerraDharitri/drt-go-chain-notifier/factory/wsFactory.go:73.2,74.16 2 0
github.com/TerraDharitri/drt-go-chain-notifier/factory/wsFactory.go:74.16,76.3 1 0
github.com/TerraDharitri/drt-go-chain-notifier/factory/wsFactory.go:78.2,79.16 2 0
github.com/TerraDharitri/drt-go-chain-notifier/factory/wsFactory.go:79.16,81.3 1 0
github.com/TerraDharitri/drt-go-chain-notifier/factory/wsFactory.go:83.2,83.18 1 0
github.com/TerraDharitri/drt-go-chain-notifier/factory/wsFactory.go:86.122,100.2 1 0
github.com/TerraDharitri/drt-go-chain-notifier/common/logging/fileLogger.go:42.107,52.60 3 0
github.com/TerraDharitri/drt-go-chain-notifier/common/logging/fileLogger.go:52.60,54.3 1 0
github.com/TerraDharitri/drt-go-chain-notifier/common/logging/fileLogger.go:56.2,60.16 4 0
github.com/TerraDharitri/drt-go-chain-notifier/common/logging/fileLogger.go:64.75,65.35 1 0
github.com/TerraDharitri/drt-go-chain-notifier/common/logging/fileLogger.go:65.35,67.3 1 0
github.com/TerraDharitri/drt-go-chain-notifier/common/logging/fileLogger.go:69.2,72.17 3 0
github.com/TerraDharitri/drt-go-chain-notifier/common/logging/fileLogger.go:72.17,74.3 1 0
github.com/TerraDharitri/drt-go-chain-notifier/common/logging/fileLogger.go:76.2,77.12 2 0
github.com/TerraDharitri/drt-go-chain-notifier/common/logging/fileLogger.go:81.37,83.17 2 0
github.com/TerraDharitri/drt-go-chain-notifier/common/logging/fileLogger.go:83.17,86.3 2 0
github.com/TerraDharitri/drt-go-chain-notifier/common/logging/fileLogger.go:88.2,97.12 7 0
github.com/TerraDharitri/drt-go-chain-notifier/common/logging/fileLogger.go:101.45,103.2 1 0
github.com/TerraDharitri/drt-go-chain-notifier/common/logging/fileLogger.go:105.54,115.2 2 0
github.com/TerraDharitri/drt-go-chain-notifier/common/logging/fileLogger.go:117.41,119.16 2 0
github.com/TerraDharitri/drt-go-chain-notifier/common/logging/fileLogger.go:119.16,122.3 2 0
github.com/TerraDharitri/drt-go-chain-notifier/common/logging/fileLogger.go:124.2,129.16 5 0
github.com/TerraDharitri/drt-go-chain-notifier/common/logging/fileLogger.go:129.16,132.3 2 0
github.com/TerraDharitri/drt-go-chain-notifier/common/logging/fileLogger.go:134.2,139.20 4 0
github.com/TerraDharitri/drt-go-chain-notifier/common/logging/fileLogger.go:139.20,141.3 1 0
github.com/TerraDharitri/drt-go-chain-notifier/common/logging/fileLogger.go:143.2,147.69 4 0
github.com/TerraDharitri/drt-go-chain-notifier/common/logging/fileLogger.go:150.61,152.6 2 0
github.com/TerraDharitri/drt-go-chain-notifier/common/logging/fileLogger.go:152.6,153.10 1 0
github.com/TerraDharitri/drt-go-chain-notifier/common/logging/fileLogger.go:154.21,156.10 2 0
github.com/TerraDharitri/drt-go-chain-notifier/common/logging/fileLogger.go:157.35,158.24 1 0
github.com/TerraDharitri/drt-go-chain-notifier/common/logging/fileLogger.go:159.46,160.65 1 0
github.com/TerraDharitri/drt-go-chain-notifier/cmd/notifier/main.go:104.13,131.16 11 0
github.com/TerraDharitri/drt-go-chain-notifier/cmd/notifier/main.go:131.16,134.3 2 0
github.com/TerraDharitri/drt-go-chain-notifier/cmd/notifier/main.go:137.54,141.16 3 0
github.com/TerraDharitri/drt-go-chain-notifier/cmd/notifier/main.go:141.16,143.3 1 0
github.com/TerraDharitri/drt-go-chain-notifier/cmd/notifier/main.go:145.2,146.16 2 0
github.com/TerraDharitri/drt-go-chain-notifier/cmd/notifier/main.go:146.16,148.3 1 0
github.com/TerraDharitri/drt-go-chain-notifier/cmd/notifier/main.go:150.2,151.16 2 0
github.com/TerraDharitri/drt-go-chain-notifier/cmd/notifier/main.go:151.16,153.3 1 0
github.com/TerraDharitri/drt-go-chain-notifier/cmd/notifier/main.go:155.2,156.16 2 0
github.com/TerraDharitri/drt-go-chain-notifier/cmd/notifier/main.go:156.16,158.3 1 0
github.com/TerraDharitri/drt-go-chain-notifier/cmd/notifier/main.go:160.2,160.31 1 0
github.com/TerraDharitri/drt-go-chain-notifier/cmd/notifier/main.go:160.31,162.17 2 0
github.com/TerraDharitri/drt-go-chain-notifier/cmd/notifier/main.go:162.17,164.4 1 0
github.com/TerraDharitri/drt-go-chain-notifier/cmd/notifier/main.go:167.2,167.12 1 0
github.com/TerraDharitri/drt-go-chain-notifier/cmd/notifier/main.go:170.61,172.16 2 0
github.com/TerraDharitri/drt-go-chain-notifier/cmd/notifier/main.go:172.16,174.3 1 0
github.com/TerraDharitri/drt-go-chain-notifier/cmd/notifier/main.go:176.2,177.16 2 0
github.com/TerraDharitri/drt-go-chain-notifier/cmd/notifier/main.go:177.16,179.3 1 0
github.com/TerraDharitri/drt-go-chain-notifier/cmd/notifier/main.go:181.2,181.37 1 0
github.com/TerraDharitri/drt-go-chain-notifier/cmd/notifier/main.go:181.37,183.3 1 0
github.com/TerraDharitri/drt-go-chain-notifier/cmd/notifier/main.go:185.2,186.16 2 0
github.com/TerraDharitri/drt-go-chain-notifier/cmd/notifier/main.go:186.16,188.3 1 0
github.com/TerraDharitri/drt-go-chain-notifier/cmd/notifier/main.go:190.2,194.8 1 0
github.com/TerraDharitri/drt-go-chain-notifier/cmd/notifier/main.go:197.68,201.16 3 0
github.com/TerraDharitri/drt-go-chain-notifier/cmd/notifier/main.go:201.16,203.3 1 0
github.com/TerraDharitri/drt-go-chain-notifier/cmd/notifier/main.go:204.2,212.16 7 0
github.com/TerraDharitri/drt-go-chain-notifier/cmd/notifier/main.go:212.16,214.3 1 0
github.com/TerraDharitri/drt-go-chain-notifier/cmd/notifier/main.go:216.2,216.35 1 0
github.com/TerraDharitri/drt-go-chain-notifier/cmd/notifier/main.go:216.35,218.3 1 0
github.com/TerraDharitri/drt-go-chain-notifier/cmd/notifier/main.go:220.2,220.25 1 0
github.com/TerraDharitri/drt-go-chain-notifier/cmd/notifier/main.go:224.54,226.17 2 0
github.com/TerraDharitri/drt-go-chain-notifier/cmd/notifier/main.go:227.20,228.47 1 0
github.com/TerraDharitri/drt-go-chain-notifier/cmd/notifier/main.go:229.18,230.37 1 0
github.com/TerraDharitri/drt-go-chain-notifier/cmd/notifier/main.go:231.10,232.38 1 0
github.com/TerraDharitri/drt-go-chain-notifier/cmd/notifier/main.go:236.73,238.16 2 0
github.com/TerraDharitri/drt-go-chain-notifier/cmd/notifier/main.go:238.16,240.3 1 0
github.com/TerraDharitri/drt-go-chain-notifier/cmd/notifier/main.go:242.2,243.24 2 0
github.com/TerraDharitri/drt-go-chain-notifier/cmd/notifier/main.go:243.24,245.17 2 0
github.com/TerraDharitri/drt-go-chain-notifier/cmd/notifier/main.go:245.17,247.4 1 0
github.com/TerraDharitri/drt-go-chain-notifier/cmd/notifier/main.go:249.2,249.31 1 0
github.com/TerraDharitri/drt-go-chain-notifier/cmd/notifier/main.go:249.31,251.17 2 0
github.com/TerraDharitri/drt-go-chain-notifier/cmd/notifier/main.go:251.17,253.4 1 0
github.com/TerraDharitri/drt-go-chain-notifier/cmd/notifier/main.go:256.2,256.25 1 0
github.com/TerraDharitri/drt-go-chain-notifier/cmd/notifier/main.go:259.54,260.38 1 0
github.com/TerraDharitri/drt-go-chain-notifier/cmd/notifier/main.go:260.38,262.3 1 0
github.com/TerraDharitri/drt-go-chain-notifier/cmd/notifier/main.go:264.2,264.19 1 0
github.com/TerraDharitri/drt-go-chain-notifier/integrationTests/testNotifierProxy.go:30.74,38.16 5 0
github.com/TerraDharitri/drt-go-chain-notifier/integrationTests/testNotifierProxy.go:38.16,40.3 1 0
github.com/TerraDharitri/drt-go-chain-notifier/integrationTests/testNotifierProxy.go:42.2,47.16 3 0
github.com/TerraDharitri/drt-go-chain-notifier/integrationTests/testNotifierProxy.go:47.16,49.3 1 0
github.com/TerraDharitri/drt-go-chain-notifier/integrationTests/testNotifierProxy.go:50.2,51.16 2 0
github.com/TerraDharitri/drt-go-chain-notifier/integrationTests/testNotifierProxy.go:51.16,53.3 1 0
github.com/TerraDharitri/drt-go-chain-notifier/integrationTests/testNotifierProxy.go:55.2,61.16 4 0
github.com/TerraDharitri/drt-go-chain-notifier/integrationTests/testNotifierProxy.go:61.16,63.3 1 0
github.com/TerraDharitri/drt-go-chain-notifier/integrationTests/testNotifierProxy.go:65.2,73.16 3 0
github.com/TerraDharitri/drt-go-chain-notifier/integrationTests/testNotifierProxy.go:73.16,75.3 1 0
github.com/TerraDharitri/drt-go-chain-notifier/integrationTests/testNotifierProxy.go:77.2,78.16 2 0
github.com/TerraDharitri/drt-go-chain-notifier/integrationTests/testNotifierProxy.go:78.16,80.3 1 0
github.com/TerraDharitri/drt-go-chain-notifier/integrationTests/testNotifierProxy.go:81.2,87.16 3 0
github.com/TerraDharitri/drt-go-chain-notifier/integrationTests/testNotifierProxy.go:87.16,89.3 1 0
github.com/TerraDharitri/drt-go-chain-notifier/integrationTests/testNotifierProxy.go:91.2,98.16 3 0
github.com/TerraDharitri/drt-go-chain-notifier/integrationTests/testNotifierProxy.go:98.16,100.3 1 0
github.com/TerraDharitri/drt-go-chain-notifier/integrationTests/testNotifierProxy.go:102.2,109.8 1 0
github.com/TerraDharitri/drt-go-chain-notifier/integrationTests/testNotifierProxy.go:113.80,121.16 5 0
github.com/TerraDharitri/drt-go-chain-notifier/integrationTests/testNotifierProxy.go:121.16,123.3 1 0
github.com/TerraDharitri/drt-go-chain-notifier/integrationTests/testNotifierProxy.go:125.2,134.16 5 0
github.com/TerraDharitri/drt-go-chain-notifier/integrationTests/testNotifierProxy.go:134.16,136.3 1 0
github.com/TerraDharitri/drt-go-chain-notifier/integrationTests/testNotifierProxy.go:137.2,138.16 2 0
github.com/TerraDharitri/drt-go-chain-notifier/integrationTests/testNotifierProxy.go:138.16,140.3 1 0
github.com/TerraDharitri/drt-go-chain-notifier/integrationTests/testNotifierProxy.go:142.2,146.16 3 0
github.com/TerraDharitri/drt-go-chain-notifier/integrationTests/testNotifierProxy.go:146.16,148.3 1 0
github.com/TerraDharitri/drt-go-chain-notifier/integrationTests/testNotifierProxy.go:150.2,158.16 3 0
github.com/TerraDharitri/drt-go-chain-notifier/integrationTests/testNotifierProxy.go:158.16,160.3 1 0
github.com/TerraDharitri/drt-go-chain-notifier/integrationTests/testNotifierProxy.go:162.2,170.16 4 0
github.com/TerraDharitri/drt-go-chain-notifier/integrationTests/testNotifierProxy.go:170.16,172.3 1 0
github.com/TerraDharitri/drt-go-chain-notifier/integrationTests/testNotifierProxy.go:174.2,181.8 1 0
github.com/TerraDharitri/drt-go-chain-notifier/integrationTests/testNotifierProxy.go:185.41,251.2 1 0
github.com/TerraDharitri/drt-go-chain-notifier/integrationTests/testObserverConnector.go:21.142,24.16 3 0
github.com/TerraDharitri/drt-go-chain-notifier/integrationTests/testObserverConnector.go:24.16,26.3 1 0
github.com/TerraDharitri/drt-go-chain-notifier/integrationTests/testObserverConnector.go:28.2,28.18 1 0
github.com/TerraDharitri/drt-go-chain-notifier/integrationTests/testObserverConnector.go:29.32,30.80 1 0
github.com/TerraDharitri/drt-go-chain-notifier/integrationTests/testObserverConnector.go:31.33,32.45 1 0
github.com/TerraDharitri/drt-go-chain-notifier/integrationTests/testObserverConnector.go:33.10,34.60 1 0
github.com/TerraDharitri/drt-go-chain-notifier/integrationTests/testObserverConnector.go:39.110,53.16 4 0
github.com/TerraDharitri/drt-go-chain-notifier/integrationTests/testObserverConnector.go:53.16,55.3 1 0
github.com/TerraDharitri/drt-go-chain-notifier/integrationTests/testObserverConnector.go:58.2,62.16 4 0
github.com/TerraDharitri/drt-go-chain-notifier/integrationTests/testObserverConnector.go:62.16,64.3 1 0
github.com/TerraDharitri/drt-go-chain-notifier/integrationTests/testObserverConnector.go:67.2,69.22 2 0
github.com/TerraDharitri/drt-go-chain-notifier/integrationTests/testObserverConnector.go:72.26,75.16 2 0
github.com/TerraDharitri/drt-go-chain-notifier/integrationTests/testObserverConnector.go:75.16,76.13 1 0
github.com/TerraDharitri/drt-go-chain-notifier/integrationTests/testObserverConnector.go:78.2,78.15 1 0
github.com/TerraDharitri/drt-go-chain-notifier/integrationTests/testObserverConnector.go:78.15,80.3 1 0
github.com/TerraDharitri/drt-go-chain-notifier/integrationTests/testObserverConnector.go:83.2,84.18 2 0
github.com/TerraDharitri/drt-go-chain-notifier/integrationTests/testObserverConnector.go:100.87,116.16 3 0
github.com/TerraDharitri/drt-go-chain-notifier/integrationTests/testObserverConnector.go:116.16,118.3 1 0
github.com/TerraDharitri/drt-go-chain-notifier/integrationTests/testObserverConnector.go:120.2,123.8 1 0
github.com/TerraDharitri/drt-go-chain-notifier/integrationTests/testObserverConnector.go:127.83,129.2 1 0
github.com/TerraDharitri/drt-go-chain-notifier/integrationTests/testObserverConnector.go:132.79,134.2 1 0
github.com/TerraDharitri/drt-go-chain-notifier/integrationTests/testObserverConnector.go:137.92,139.2 1 0
github.com/TerraDharitri/drt-go-chain-notifier/integrationTests/testObserverConnector.go:141.74,143.16 2 0
github.com/TerraDharitri/drt-go-chain-notifier/integrationTests/testObserverConnector.go:143.16,145.3 1 0
github.com/TerraDharitri/drt-go-chain-notifier/integrationTests/testObserverConnector.go:147.2,148.16 2 0
github.com/TerraDharitri/drt-go-chain-notifier/integrationTests/testObserverConnector.go:148.16,150.3 1 0
github.com/TerraDharitri/drt-go-chain-notifier/integrationTests/testObserverConnector.go:152.2,152.12 1 0
github.com/TerraDharitri/drt-go-chain-notifier/integrationTests/testObserverConnector.go:156.37,158.2 1 0
github.com/TerraDharitri/drt-go-chain-notifier/integrationTests/testWSServer.go:22.53,27.16 4 0
github.com/TerraDharitri/drt-go-chain-notifier/integrationTests/testWSServer.go:27.16,29.3 1 0
github.com/TerraDharitri/drt-go-chain-notifier/integrationTests/testWSServer.go:31.2,34.8 1 0
github.com/TerraDharitri/drt-go-chain-notifier/integrationTests/testWSServer.go:38.85,40.16 2 0
github.com/TerraDharitri/drt-go-chain-notifier/integrationTests/testWSServer.go:40.16,42.3 1 0
github.com/TerraDharitri/drt-go-chain-notifier/integrationTests/testWSServer.go:44.2,44.75 1 0
github.com/TerraDharitri/drt-go-chain-notifier/integrationTests/testWSServer.go:44.75,46.3 1 0
github.com/TerraDharitri/drt-go-chain-notifier/integrationTests/testWSServer.go:48.2,48.12 1 0
github.com/TerraDharitri/drt-go-chain-notifier/integrationTests/testWSServer.go:51.51,56.16 4 0
github.com/TerraDharitri/drt-go-chain-notifier/integrationTests/testWSServer.go:56.16,58.3 1 0
github.com/TerraDharitri/drt-go-chain-notifier/integrationTests/testWSServer.go:60.2,60.15 1 0
github.com/TerraDharitri/drt-go-chain-notifier/integrationTests/testWSServer.go:64.59,66.16 2 0
github.com/TerraDharitri/drt-go-chain-notifier/integrationTests/testWSServer.go:66.16,68.3 1 0
github.com/TerraDharitri/drt-go-chain-notifier/integrationTests/testWSServer.go:70.2,72.16 3 0
github.com/TerraDharitri/drt-go-chain-notifier/integrationTests/testWSServer.go:72.16,74.3 1 0
github.com/TerraDharitri/drt-go-chain-notifier/integrationTests/testWSServer.go:76.2,78.16 3 0
github.com/TerraDharitri/drt-go-chain-notifier/integrationTests/testWSServer.go:78.16,80.3 1 0
github.com/TerraDharitri/drt-go-chain-notifier/integrationTests/testWSServer.go:82.2,82.19 1 0
github.com/TerraDharitri/drt-go-chain-notifier/integrationTests/testWSServer.go:86.82,88.16 2 0
github.com/TerraDharitri/drt-go-chain-notifier/integrationTests/testWSServer.go:88.16,90.3 1 0
github.com/TerraDharitri/drt-go-chain-notifier/integrationTests/testWSServer.go:92.2,94.16 3 0
github.com/TerraDharitri/drt-go-chain-notifier/integrationTests/testWSServer.go:94.16,96.3 1 0
github.com/TerraDharitri/drt-go-chain-notifier/integrationTests/testWSServer.go:98.2,100.16 3 0
github.com/TerraDharitri/drt-go-chain-notifier/integrationTests/testWSServer.go:100.16,102.3 1 0
github.com/TerraDharitri/drt-go-chain-notifier/integrationTests/testWSServer.go:104.2,104.24 1 0
github.com/TerraDharitri/drt-go-chain-notifier/integrationTests/testWSServer.go:108.69,110.16 2 0
github.com/TerraDharitri/drt-go-chain-notifier/integrationTests/testWSServer.go:110.16,112.3 1 0
github.com/TerraDharitri/drt-go-chain-notifier/integrationTests/testWSServer.go:114.2,116.16 3 0
github.com/TerraDharitri/drt-go-chain-notifier/integrationTests/testWSServer.go:116.16,118.3 1 0
github.com/TerraDharitri/drt-go-chain-notifier/integrationTests/testWSServer.go:120.2,122.16 3 0
github.com/TerraDharitri/drt-go-chain-notifier/integrationTests/testWSServer.go:122.16,124.3 1 0
github.com/TerraDharitri/drt-go-chain-notifier/integrationTests/testWSServer.go:126.2,126.20 1 0
github.com/TerraDharitri/drt-go-chain-notifier/integrationTests/testWSServer.go:130.70,132.16 2 0
github.com/TerraDharitri/drt-go-chain-notifier/integrationTests/testWSServer.go:132.16,134.3 1 0
github.com/TerraDharitri/drt-go-chain-notifier/integrationTests/testWSServer.go:136.2,138.16 3 0
github.com/TerraDharitri/drt-go-chain-notifier/integrationTests/testWSServer.go:138.16,140.3 1 0
github.com/TerraDharitri/drt-go-chain-notifier/integrationTests/testWSServer.go:142.2,144.16 3 0
github.com/TerraDharitri/drt-go-chain-notifier/integrationTests/testWSServer.go:144.16,146.3 1 0
github.com/TerraDharitri/drt-go-chain-notifier/integrationTests/testWSServer.go:148.2,148.20 1 0
github.com/TerraDharitri/drt-go-chain-notifier/integrationTests/testWSServer.go:152.58,154.16 2 0
github.com/TerraDharitri/drt-go-chain-notifier/integrationTests/testWSServer.go:154.16,156.3 1 0
github.com/TerraDharitri/drt-go-chain-notifier/integrationTests/testWSServer.go:158.2,160.16 3 0
github.com/TerraDharitri/drt-go-chain-notifier/integrationTests/testWSServer.go:160.16,162.3 1 0
github.com/TerraDharitri/drt-go-chain-notifier/integrationTests/testWSServer.go:164.2,166.16 3 0
github.com/TerraDharitri/drt-go-chain-notifier/integrationTests/testWSServer.go:166.16,168.3 1 0
github.com/TerraDharitri/drt-go-chain-notifier/integrationTests/testWSServer.go:170.2,170.20 1 0
github.com/TerraDharitri/drt-go-chain-notifier/integrationTests/testWSServer.go:174.60,176.16 2 0
github.com/TerraDharitri/drt-go-chain-notifier/integrationTests/testWSServer.go:176.16,178.3 1 0
github.com/TerraDharitri/drt-go-chain-notifier/integrationTests/testWSServer.go:180.2,182.16 3 0
github.com/TerraDharitri/drt-go-chain-notifier/integrationTests/testWSServer.go:182.16,184.3 1 0
github.com/TerraDharitri/drt-go-chain-notifier/integrationTests/testWSServer.go:186.2,188.16 3 0
github.com/TerraDharitri/drt-go-chain-notifier/integrationTests/testWSServer.go:188.16,190.3 1 0
github.com/TerraDharitri/drt-go-chain-notifier/integrationTests/testWSServer.go:192.2,192.20 1 0
github.com/TerraDharitri/drt-go-chain-notifier/integrationTests/testWSServer.go:196.29,199.2 2 0
github.com/TerraDharitri/drt-go-chain-notifier/integrationTests/testWebServer.go:39.147,53.49 5 0
github.com/TerraDharitri/drt-go-chain-notifier/integrationTests/testWebServer.go:53.49,56.3 2 0
github.com/TerraDharitri/drt-go-chain-notifier/integrationTests/testWebServer.go:58.2,60.18 2 0
github.com/TerraDharitri/drt-go-chain-notifier/integrationTests/testWebServer.go:64.85,72.2 5 0
github.com/TerraDharitri/drt-go-chain-notifier/integrationTests/testWebServer.go:74.71,82.16 4 0
github.com/TerraDharitri/drt-go-chain-notifier/integrationTests/testWebServer.go:82.16,84.3 1 0
github.com/TerraDharitri/drt-go-chain-notifier/integrationTests/testWebServer.go:86.2,86.41 1 0
github.com/TerraDharitri/drt-go-chain-notifier/integrationTests/testWebServer.go:86.41,88.17 2 0
github.com/TerraDharitri/drt-go-chain-notifier/integrationTests/testWebServer.go:88.17,90.4 1 0
github.com/TerraDharitri/drt-go-chain-notifier/integrationTests/testWebServer.go:93.2,93.18 1 0
github.com/TerraDharitri/drt-go-chain-notifier/integrationTests/testWebServer.go:97.79,105.32 6 0
github.com/TerraDharitri/drt-go-chain-notifier/integrationTests/testWebServer.go:105.32,107.3 1 0
github.com/TerraDharitri/drt-go-chain-notifier/integrationTests/testWebServer.go:109.2,109.12 1 0
github.com/TerraDharitri/drt-go-chain-notifier/integrationTests/testWebServer.go:113.78,121.32 6 0
github.com/TerraDharitri/drt-go-chain-notifier/integrationTests/testWebServer.go:121.32,123.3 1 0
github.com/TerraDharitri/drt-go-chain-notifier/integrationTests/testWebServer.go:125.2,125.12 1 0
github.com/TerraDharitri/drt-go-chain-notifier/integrationTests/testWebServer.go:129.86,138.32 6 0
github.com/TerraDharitri/drt-go-chain-notifier/integrationTests/testWebServer.go:138.32,140.3 1 0
github.com/TerraDharitri/drt-go-chain-notifier/integrationTests/testWebServer.go:142.2,142.12 1 0
github.com/TerraDharitri/drt-go-chain-notifier/integrationTests/testWebServer.go:146.39,148.2 1 0
github.com/TerraDharitri/drt-go-chain-notifier/integrationTests/testWebServer.go:150.73,155.2 3 0
github.com/TerraDharitri/drt-go-chain-notifier/integrationTests/testWebServer.go:158.75,161.12 2 0
github.com/TerraDharitri/drt-go-chain-notifier/integrationTests/testWebServer.go:161.12,164.3 2 0
github.com/TerraDharitri/drt-go-chain-notifier/integrationTests/testWebServer.go:166.2,166.9 1 0
github.com/TerraDharitri/drt-go-chain-notifier/integrationTests/testWebServer.go:167.14,168.9 1 0
github.com/TerraDharitri/drt-go-chain-notifier/integrationTests/testWebServer.go:169.29,170.49 1 0
github.com/TerraDharitri/drt-go-chain-notifier/integrationTests/testWebServer.go:174.54,197.2 1 0
github.com/TerraDharitri/drt-go-chain-notifier/notifier/notifierRunner.go:25.71,26.17 1 0
github.com/TerraDharitri/drt-go-chain-notifier/notifier/notifierRunner.go:26.17,28.3 1 0
github.com/TerraDharitri/drt-go-chain-notifier/notifier/notifierRunner.go:30.2,32.8 1 0
github.com/TerraDharitri/drt-go-chain-notifier/notifier/notifierRunner.go:36.41,40.16 3 0
github.com/TerraDharitri/drt-go-chain-notifier/notifier/notifierRunner.go:40.16,42.3 1 0
github.com/TerraDharitri/drt-go-chain-notifier/notifier/notifierRunner.go:44.2,45.16 2 0
github.com/TerraDharitri/drt-go-chain-notifier/notifier/notifierRunner.go:45.16,47.3 1 0
github.com/TerraDharitri/drt-go-chain-notifier/notifier/notifierRunner.go:49.2,50.16 2 0
github.com/TerraDharitri/drt-go-chain-notifier/notifier/notifierRunner.go:50.16,52.3 1 0
github.com/TerraDharitri/drt-go-chain-notifier/notifier/notifierRunner.go:54.2,55.16 2 0
github.com/TerraDharitri/drt-go-chain-notifier/notifier/notifierRunner.go:55.16,57.3 1 0
github.com/TerraDharitri/drt-go-chain-notifier/notifier/notifierRunner.go:59.2,60.16 2 0
github.com/TerraDharitri/drt-go-chain-notifier/notifier/notifierRunner.go:60.16,62.3 1 0
github.com/TerraDharitri/drt-go-chain-notifier/notifier/notifierRunner.go:64.2,67.16 3 0
github.com/TerraDharitri/drt-go-chain-notifier/notifier/notifierRunner.go:67.16,69.3 1 0
github.com/TerraDharitri/drt-go-chain-notifier/notifier/notifierRunner.go:71.2,79.16 3 0
github.com/TerraDharitri/drt-go-chain-notifier/notifier/notifierRunner.go:79.16,81.3 1 0
github.com/TerraDharitri/drt-go-chain-notifier/notifier/notifierRunner.go:83.2,90.16 3 0
github.com/TerraDharitri/drt-go-chain-notifier/notifier/notifierRunner.go:90.16,92.3 1 0
github.com/TerraDharitri/drt-go-chain-notifier/notifier/notifierRunner.go:94.2,95.16 2 0
github.com/TerraDharitri/drt-go-chain-notifier/notifier/notifierRunner.go:95.16,97.3 1 0
github.com/TerraDharitri/drt-go-chain-notifier/notifier/notifierRunner.go:99.2,100.16 2 0
github.com/TerraDharitri/drt-go-chain-notifier/notifier/notifierRunner.go:100.16,102.3 1 0
github.com/TerraDharitri/drt-go-chain-notifier/notifier/notifierRunner.go:104.2,105.16 2 0
github.com/TerraDharitri/drt-go-chain-notifier/notifier/notifierRunner.go:105.16,107.3 1 0
github.com/TerraDharitri/drt-go-chain-notifier/notifier/notifierRunner.go:109.2,110.16 2 0
github.com/TerraDharitri/drt-go-chain-notifier/notifier/notifierRunner.go:110.16,112.3 1 0
github.com/TerraDharitri/drt-go-chain-notifier/notifier/notifierRunner.go:114.2,115.16 2 0
github.com/TerraDharitri/drt-go-chain-notifier/notifier/notifierRunner.go:115.16,117.3 1 0
github.com/TerraDharitri/drt-go-chain-notifier/notifier/notifierRunner.go:118.2,120.12 2 0
github.com/TerraDharitri/drt-go-chain-notifier/notifier/notifierRunner.go:127.9,133.16 5 0
github.com/TerraDharitri/drt-go-chain-notifier/notifier/notifierRunner.go:133.16,135.3 1 0
github.com/TerraDharitri/drt-go-chain-notifier/notifier/notifierRunner.go:137.2,138.16 2 0
github.com/TerraDharitri/drt-go-chain-notifier/notifier/notifierRunner.go:138.16,140.3 1 0
github.com/TerraDharitri/drt-go-chain-notifier/notifier/notifierRunner.go:142.2,143.16 2 0
github.com/TerraDharitri/drt-go-chain-notifier/notifier/notifierRunner.go:143.16,145.3 1 0
github.com/TerraDharitri/drt-go-chain-notifier/notifier/notifierRunner.go:147.2,147.12 1 0
github.com/TerraDharitri/drt-go-chain-notifier/mocks/consumerMock.go:19.38,25.2 1 0
github.com/TerraDharitri/drt-go-chain-notifier/mocks/consumerMock.go:28.53,31.31 3 0
github.com/TerraDharitri/drt-go-chain-notifier/mocks/consumerMock.go:31.31,33.3 1 0
github.com/TerraDharitri/drt-go-chain-notifier/mocks/consumerMock.go:37.55,42.2 3 0
github.com/TerraDharitri/drt-go-chain-notifier/mocks/consumerMock.go:45.60,49.31 3 0
github.com/TerraDharitri/drt-go-chain-notifier/mocks/consumerMock.go:49.31,51.46 2 0
github.com/TerraDharitri/drt-go-chain-notifier/mocks/consumerMock.go:51.46,52.42 1 0
github.com/TerraDharitri/drt-go-chain-notifier/mocks/consumerMock.go:52.42,54.10 2 0
github.com/TerraDharitri/drt-go-chain-notifier/mocks/consumerMock.go:57.3,57.14 1 0
github.com/TerraDharitri/drt-go-chain-notifier/mocks/consumerMock.go:57.14,59.4 1 0
github.com/TerraDharitri/drt-go-chain-notifier/mocks/consumerMock.go:62.2,62.13 1 0
github.com/TerraDharitri/drt-go-chain-notifier/mocks/consumerMock.go:66.56,70.45 3 0
github.com/TerraDharitri/drt-go-chain-notifier/mocks/consumerMock.go:70.45,71.41 1 0
github.com/TerraDharitri/drt-go-chain-notifier/mocks/consumerMock.go:71.41,73.4 1 0
github.com/TerraDharitri/drt-go-chain-notifier/mocks/consumerMock.go:76.2,76.14 1 0
github.com/TerraDharitri/drt-go-chain-notifier/mocks/dispatcherMock.go:17.84,23.2 1 0
github.com/TerraDharitri/drt-go-chain-notifier/mocks/dispatcherMock.go:26.44,28.2 1 0
github.com/TerraDharitri/drt-go-chain-notifier/mocks/dispatcherMock.go:31.58,33.2 1 0
github.com/TerraDharitri/drt-go-chain-notifier/mocks/dispatcherMock.go:36.72,37.2 0 0
github.com/TerraDharitri/drt-go-chain-notifier/mocks/dispatcherMock.go:40.63,41.2 0 0
github.com/TerraDharitri/drt-go-chain-notifier/mocks/dispatcherMock.go:44.69,45.2 0 0
github.com/TerraDharitri/drt-go-chain-notifier/mocks/dispatcherMock.go:48.57,49.2 0 0
github.com/TerraDharitri/drt-go-chain-notifier/mocks/dispatcherMock.go:52.59,53.2 0 0
github.com/TerraDharitri/drt-go-chain-notifier/mocks/dispatcherMock.go:56.77,57.2 0 0
github.com/TerraDharitri/drt-go-chain-notifier/mocks/dispatcherMock.go:60.63,62.2 1 0
github.com/TerraDharitri/drt-go-chain-notifier/mocks/dispatcherMock.go:65.37,67.2 1 0
github.com/TerraDharitri/drt-go-chain-notifier/mocks/dispatcherMock.go:70.39,72.2 1 0
github.com/TerraDharitri/drt-go-chain-notifier/mocks/dispatcherStub.go:21.44,22.26 1 0
github.com/TerraDharitri/drt-go-chain-notifier/mocks/dispatcherStub.go:22.26,24.3 1 0
github.com/TerraDharitri/drt-go-chain-notifier/mocks/dispatcherStub.go:26.2,26.20 1 0
github.com/TerraDharitri/drt-go-chain-notifier/mocks/dispatcherStub.go:30.58,31.31 1 0
github.com/TerraDharitri/drt-go-chain-notifier/mocks/dispatcherStub.go:31.31,33.3 1 0
github.com/TerraDharitri/drt-go-chain-notifier/mocks/dispatcherStub.go:37.72,38.32 1 0
github.com/TerraDharitri/drt-go-chain-notifier/mocks/dispatcherStub.go:38.32,40.3 1 0
github.com/TerraDharitri/drt-go-chain-notifier/mocks/dispatcherStub.go:44.62,45.32 1 0
github.com/TerraDharitri/drt-go-chain-notifier/mocks/dispatcherStub.go:45.32,47.3 1 0
github.com/TerraDharitri/drt-go-chain-notifier/mocks/dispatcherStub.go:51.68,52.35 1 0
github.com/TerraDharitri/drt-go-chain-notifier/mocks/dispatcherStub.go:52.35,54.3 1 0
github.com/TerraDharitri/drt-go-chain-notifier/mocks/dispatcherStub.go:58.56,59.29 1 0
github.com/TerraDharitri/drt-go-chain-notifier/mocks/dispatcherStub.go:59.29,61.3 1 0
github.com/TerraDharitri/drt-go-chain-notifier/mocks/dispatcherStub.go:65.58,66.30 1 0
github.com/TerraDharitri/drt-go-chain-notifier/mocks/dispatcherStub.go:66.30,68.3 1 0
github.com/TerraDharitri/drt-go-chain-notifier/mocks/dispatcherStub.go:72.76,73.39 1 0
github.com/TerraDharitri/drt-go-chain-notifier/mocks/dispatcherStub.go:73.39,75.3 1 0
github.com/TerraDharitri/drt-go-chain-notifier/mocks/eventsDataHandlerStub.go:14.111,15.46 1 0
github.com/TerraDharitri/drt-go-chain-notifier/mocks/eventsDataHandlerStub.go:15.46,17.3 1 0
github.com/TerraDharitri/drt-go-chain-notifier/mocks/eventsDataHandlerStub.go:19.2,19.35 1 0
github.com/TerraDharitri/drt-go-chain-notifier/mocks/eventsDataHandlerStub.go:23.112,24.43 1 0
github.com/TerraDharitri/drt-go-chain-notifier/mocks/eventsDataHandlerStub.go:24.43,26.3 1 0
github.com/TerraDharitri/drt-go-chain-notifier/mocks/eventsDataHandlerStub.go:28.2,28.39 1 0
github.com/TerraDharitri/drt-go-chain-notifier/mocks/eventsDataHandlerStub.go:32.107,33.44 1 0
github.com/TerraDharitri/drt-go-chain-notifier/mocks/eventsDataHandlerStub.go:33.44,35.3 1 0
github.com/TerraDharitri/drt-go-chain-notifier/mocks/eventsDataHandlerStub.go:37.2,37.33 1 0
github.com/TerraDharitri/drt-go-chain-notifier/mocks/eventsDataHandlerStub.go:41.113,42.47 1 0
github.com/TerraDharitri/drt-go-chain-notifier/mocks/eventsDataHandlerStub.go:42.47,44.3 1 0
github.com/TerraDharitri/drt-go-chain-notifier/mocks/eventsDataHandlerStub.go:46.2,46.36 1 0
github.com/TerraDharitri/drt-go-chain-notifier/mocks/eventsDataHandlerStub.go:50.58,52.2 1 0
github.com/TerraDharitri/drt-go-chain-notifier/mocks/eventsDataProcessorStub.go:11.77,12.33 1 0
github.com/TerraDharitri/drt-go-chain-notifier/mocks/eventsDataProcessorStub.go:12.33,14.3 1 0
github.com/TerraDharitri/drt-go-chain-notifier/mocks/eventsDataProcessorStub.go:16.2,16.12 1 0
github.com/TerraDharitri/drt-go-chain-notifier/mocks/eventsDataProcessorStub.go:20.86,21.42 1 0
github.com/TerraDharitri/drt-go-chain-notifier/mocks/eventsDataProcessorStub.go:21.42,23.3 1 0
github.com/TerraDharitri/drt-go-chain-notifier/mocks/eventsDataProcessorStub.go:25.2,25.12 1 0
github.com/TerraDharitri/drt-go-chain-notifier/mocks/eventsDataProcessorStub.go:29.82,30.38 1 0
github.com/TerraDharitri/drt-go-chain-notifier/mocks/eventsDataProcessorStub.go:30.38,32.3 1 0
github.com/TerraDharitri/drt-go-chain-notifier/mocks/eventsDataProcessorStub.go:34.2,34.12 1 0
github.com/TerraDharitri/drt-go-chain-notifier/mocks/eventsDataProcessorStub.go:38.52,40.2 1 0
github.com/TerraDharitri/drt-go-chain-notifier/mocks/eventsDataProcessorStub.go:43.60,45.2 1 0
github.com/TerraDharitri/drt-go-chain-notifier/mocks/eventsHandlerStub.go:13.88,14.42 1 0
github.com/TerraDharitri/drt-go-chain-notifier/mocks/eventsHandlerStub.go:14.42,16.3 1 0
github.com/TerraDharitri/drt-go-chain-notifier/mocks/eventsHandlerStub.go:18.2,18.12 1 0
github.com/TerraDharitri/drt-go-chain-notifier/mocks/eventsHandlerStub.go:22.78,23.39 1 0
github.com/TerraDharitri/drt-go-chain-notifier/mocks/eventsHandlerStub.go:23.39,25.3 1 0
github.com/TerraDharitri/drt-go-chain-notifier/mocks/eventsHandlerStub.go:29.87,30.42 1 0
github.com/TerraDharitri/drt-go-chain-notifier/mocks/eventsHandlerStub.go:30.42,32.3 1 0
github.com/TerraDharitri/drt-go-chain-notifier/mocks/eventsHandlerStub.go:36.51,38.2 1 0
github.com/TerraDharitri/drt-go-chain-notifier/mocks/eventsInterceptorStub.go:11.127,12.42 1 0
github.com/TerraDharitri/drt-go-chain-notifier/mocks/eventsInterceptorStub.go:12.42,14.3 1 0
github.com/TerraDharitri/drt-go-chain-notifier/mocks/eventsInterceptorStub.go:16.2,16.17 1 0
github.com/TerraDharitri/drt-go-chain-notifier/mocks/eventsInterceptorStub.go:20.58,22.2 1 0
github.com/TerraDharitri/drt-go-chain-notifier/mocks/facadeStub.go:21.77,22.38 1 0
github.com/TerraDharitri/drt-go-chain-notifier/mocks/facadeStub.go:22.38,24.3 1 0
github.com/TerraDharitri/drt-go-chain-notifier/mocks/facadeStub.go:26.2,26.12 1 0
github.com/TerraDharitri/drt-go-chain-notifier/mocks/facadeStub.go:30.67,31.40 1 0
github.com/TerraDharitri/drt-go-chain-notifier/mocks/facadeStub.go:31.40,33.3 1 0
github.com/TerraDharitri/drt-go-chain-notifier/mocks/facadeStub.go:37.73,38.43 1 0
github.com/TerraDharitri/drt-go-chain-notifier/mocks/facadeStub.go:38.43,40.3 1 0
github.com/TerraDharitri/drt-go-chain-notifier/mocks/facadeStub.go:44.73,45.27 1 0
github.com/TerraDharitri/drt-go-chain-notifier/mocks/facadeStub.go:45.27,47.3 1 0
github.com/TerraDharitri/drt-go-chain-notifier/mocks/facadeStub.go:51.66,52.45 1 0
github.com/TerraDharitri/drt-go-chain-notifier/mocks/facadeStub.go:52.45,54.3 1 0
github.com/TerraDharitri/drt-go-chain-notifier/mocks/facadeStub.go:56.2,56.15 1 0
github.com/TerraDharitri/drt-go-chain-notifier/mocks/facadeStub.go:60.77,61.32 1 0
github.com/TerraDharitri/drt-go-chain-notifier/mocks/facadeStub.go:61.32,63.3 1 0
github.com/TerraDharitri/drt-go-chain-notifier/mocks/facadeStub.go:65.2,65.12 1 0
github.com/TerraDharitri/drt-go-chain-notifier/mocks/facadeStub.go:69.56,70.45 1 0
github.com/TerraDharitri/drt-go-chain-notifier/mocks/facadeStub.go:70.45,72.3 1 0
github.com/TerraDharitri/drt-go-chain-notifier/mocks/facadeStub.go:74.2,74.11 1 0
github.com/TerraDharitri/drt-go-chain-notifier/mocks/facadeStub.go:78.45,80.2 1 0
github.com/TerraDharitri/drt-go-chain-notifier/mocks/httpServerStub.go:12.51,13.37 1 0
github.com/TerraDharitri/drt-go-chain-notifier/mocks/httpServerStub.go:13.37,15.3 1 0
github.com/TerraDharitri/drt-go-chain-notifier/mocks/httpServerStub.go:17.2,17.12 1 0
github.com/TerraDharitri/drt-go-chain-notifier/mocks/httpServerStub.go:21.64,22.31 1 0
github.com/TerraDharitri/drt-go-chain-notifier/mocks/httpServerStub.go:22.31,24.3 1 0
github.com/TerraDharitri/drt-go-chain-notifier/mocks/httpServerStub.go:26.2,26.12 1 0
github.com/TerraDharitri/drt-go-chain-notifier/mocks/hubStub.go:23.52,24.28 1 0
github.com/TerraDharitri/drt-go-chain-notifier/mocks/hubStub.go:24.28,26.3 1 0
github.com/TerraDharitri/drt-go-chain-notifier/mocks/hubStub.go:30.63,31.34 1 0
github.com/TerraDharitri/drt-go-chain-notifier/mocks/hubStub.go:31.34,33.3 1 0
github.com/TerraDharitri/drt-go-chain-notifier/mocks/hubStub.go:37.72,38.37 1 0
github.com/TerraDharitri/drt-go-chain-notifier/mocks/hubStub.go:38.37,40.3 1 0
github.com/TerraDharitri/drt-go-chain-notifier/mocks/hubStub.go:44.54,45.31 1 0
github.com/TerraDharitri/drt-go-chain-notifier/mocks/hubStub.go:45.31,47.3 1 0
github.com/TerraDharitri/drt-go-chain-notifier/mocks/hubStub.go:51.57,52.32 1 0
github.com/TerraDharitri/drt-go-chain-notifier/mocks/hubStub.go:52.32,54.3 1 0
github.com/TerraDharitri/drt-go-chain-notifier/mocks/hubStub.go:58.83,59.48 1 0
github.com/TerraDharitri/drt-go-chain-notifier/mocks/hubStub.go:59.48,61.3 1 0
github.com/TerraDharitri/drt-go-chain-notifier/mocks/hubStub.go:65.67,66.34 1 0
github.com/TerraDharitri/drt-go-chain-notifier/mocks/hubStub.go:66.34,68.3 1 0
github.com/TerraDharitri/drt-go-chain-notifier/mocks/hubStub.go:72.69,73.36 1 0
github.com/TerraDharitri/drt-go-chain-notifier/mocks/hubStub.go:73.36,75.3 1 0
github.com/TerraDharitri/drt-go-chain-notifier/mocks/hubStub.go:79.56,80.30 1 0
github.com/TerraDharitri/drt-go-chain-notifier/mocks/hubStub.go:80.30,82.3 1 0
github.com/TerraDharitri/drt-go-chain-notifier/mocks/hubStub.go:86.33,88.2 1 0
github.com/TerraDharitri/drt-go-chain-notifier/mocks/hubStub.go:91.41,93.2 1 0
github.com/TerraDharitri/drt-go-chain-notifier/mocks/lockerStub.go:12.93,13.38 1 0
github.com/TerraDharitri/drt-go-chain-notifier/mocks/lockerStub.go:13.38,15.3 1 0
github.com/TerraDharitri/drt-go-chain-notifier/mocks/lockerStub.go:17.2,17.19 1 0
github.com/TerraDharitri/drt-go-chain-notifier/mocks/lockerStub.go:21.63,22.35 1 0
github.com/TerraDharitri/drt-go-chain-notifier/mocks/lockerStub.go:22.35,24.3 1 0
github.com/TerraDharitri/drt-go-chain-notifier/mocks/lockerStub.go:26.2,26.14 1 0
github.com/TerraDharitri/drt-go-chain-notifier/mocks/lockerStub.go:30.45,32.2 1 0
github.com/TerraDharitri/drt-go-chain-notifier/mocks/payloadHandlerStub.go:10.98,11.36 1 0
github.com/TerraDharitri/drt-go-chain-notifier/mocks/payloadHandlerStub.go:11.36,13.3 1 0
github.com/TerraDharitri/drt-go-chain-notifier/mocks/payloadHandlerStub.go:14.2,14.12 1 0
github.com/TerraDharitri/drt-go-chain-notifier/mocks/payloadHandlerStub.go:18.45,19.27 1 0
github.com/TerraDharitri/drt-go-chain-notifier/mocks/payloadHandlerStub.go:19.27,21.3 1 0
github.com/TerraDharitri/drt-go-chain-notifier/mocks/payloadHandlerStub.go:22.2,22.12 1 0
github.com/TerraDharitri/drt-go-chain-notifier/mocks/payloadHandlerStub.go:26.53,28.2 1 0
github.com/TerraDharitri/drt-go-chain-notifier/mocks/pubKeyConverterMock.go:15.66,19.2 1 0
github.com/TerraDharitri/drt-go-chain-notifier/mocks/pubKeyConverterMock.go:22.78,24.2 1 0
github.com/TerraDharitri/drt-go-chain-notifier/mocks/pubKeyConverterMock.go:27.72,29.2 1 0
github.com/TerraDharitri/drt-go-chain-notifier/mocks/pubKeyConverterMock.go:32.43,34.2 1 0
github.com/TerraDharitri/drt-go-chain-notifier/mocks/pubKeyConverterMock.go:37.86,39.2 1 0
github.com/TerraDharitri/drt-go-chain-notifier/mocks/pubKeyConverterMock.go:42.86,45.36 2 0
github.com/TerraDharitri/drt-go-chain-notifier/mocks/pubKeyConverterMock.go:45.36,47.3 1 0
github.com/TerraDharitri/drt-go-chain-notifier/mocks/pubKeyConverterMock.go:49.2,49.26 1 0
github.com/TerraDharitri/drt-go-chain-notifier/mocks/pubKeyConverterMock.go:53.55,55.2 1 0
github.com/TerraDharitri/drt-go-chain-notifier/mocks/publisherHandlerStub.go:18.65,19.28 1 0
github.com/TerraDharitri/drt-go-chain-notifier/mocks/publisherHandlerStub.go:19.28,21.3 1 0
github.com/TerraDharitri/drt-go-chain-notifier/mocks/publisherHandlerStub.go:25.76,26.34 1 0
github.com/TerraDharitri/drt-go-chain-notifier/mocks/publisherHandlerStub.go:26.34,28.3 1 0
github.com/TerraDharitri/drt-go-chain-notifier/mocks/publisherHandlerStub.go:32.85,33.37 1 0
github.com/TerraDharitri/drt-go-chain-notifier/mocks/publisherHandlerStub.go:33.37,35.3 1 0
github.com/TerraDharitri/drt-go-chain-notifier/mocks/publisherHandlerStub.go:39.67,40.31 1 0
github.com/TerraDharitri/drt-go-chain-notifier/mocks/publisherHandlerStub.go:40.31,42.3 1 0
github.com/TerraDharitri/drt-go-chain-notifier/mocks/publisherHandlerStub.go:46.70,47.32 1 0
github.com/TerraDharitri/drt-go-chain-notifier/mocks/publisherHandlerStub.go:47.32,49.3 1 0
github.com/TerraDharitri/drt-go-chain-notifier/mocks/publisherHandlerStub.go:53.96,54.48 1 0
github.com/TerraDharitri/drt-go-chain-notifier/mocks/publisherHandlerStub.go:54.48,56.3 1 0
github.com/TerraDharitri/drt-go-chain-notifier/mocks/publisherHandlerStub.go:60.92,61.46 1 0
github.com/TerraDharitri/drt-go-chain-notifier/mocks/publisherHandlerStub.go:61.46,63.3 1 0
github.com/TerraDharitri/drt-go-chain-notifier/mocks/publisherHandlerStub.go:67.46,68.26 1 0
github.com/TerraDharitri/drt-go-chain-notifier/mocks/publisherHandlerStub.go:68.26,70.3 1 0
github.com/TerraDharitri/drt-go-chain-notifier/mocks/publisherHandlerStub.go:72.2,72.12 1 0
github.com/TerraDharitri/drt-go-chain-notifier/mocks/publisherHandlerStub.go:76.54,78.2 1 0
github.com/TerraDharitri/drt-go-chain-notifier/mocks/publisherStub.go:19.38,20.25 1 0
github.com/TerraDharitri/drt-go-chain-notifier/mocks/publisherStub.go:20.25,22.3 1 0
github.com/TerraDharitri/drt-go-chain-notifier/mocks/publisherStub.go:24.2,24.12 1 0
github.com/TerraDharitri/drt-go-chain-notifier/mocks/publisherStub.go:28.61,29.31 1 0
github.com/TerraDharitri/drt-go-chain-notifier/mocks/publisherStub.go:29.31,31.3 1 0
github.com/TerraDharitri/drt-go-chain-notifier/mocks/publisherStub.go:35.66,36.37 1 0
github.com/TerraDharitri/drt-go-chain-notifier/mocks/publisherStub.go:36.37,38.3 1 0
github.com/TerraDharitri/drt-go-chain-notifier/mocks/publisherStub.go:42.72,43.40 1 0
github.com/TerraDharitri/drt-go-chain-notifier/mocks/publisherStub.go:43.40,45.3 1 0
github.com/TerraDharitri/drt-go-chain-notifier/mocks/publisherStub.go:49.60,50.34 1 0
github.com/TerraDharitri/drt-go-chain-notifier/mocks/publisherStub.go:50.34,52.3 1 0
github.com/TerraDharitri/drt-go-chain-notifier/mocks/publisherStub.go:56.62,57.35 1 0
github.com/TerraDharitri/drt-go-chain-notifier/mocks/publisherStub.go:57.35,59.3 1 0
github.com/TerraDharitri/drt-go-chain-notifier/mocks/publisherStub.go:63.89,64.51 1 0
github.com/TerraDharitri/drt-go-chain-notifier/mocks/publisherStub.go:64.51,66.3 1 0
github.com/TerraDharitri/drt-go-chain-notifier/mocks/publisherStub.go:70.80,71.44 1 0
github.com/TerraDharitri/drt-go-chain-notifier/mocks/publisherStub.go:71.44,73.3 1 0
github.com/TerraDharitri/drt-go-chain-notifier/mocks/publisherStub.go:77.40,78.27 1 0
github.com/TerraDharitri/drt-go-chain-notifier/mocks/publisherStub.go:78.27,80.3 1 0
github.com/TerraDharitri/drt-go-chain-notifier/mocks/publisherStub.go:82.2,82.12 1 0
github.com/TerraDharitri/drt-go-chain-notifier/mocks/publisherStub.go:86.48,88.2 1 0
github.com/TerraDharitri/drt-go-chain-notifier/mocks/rabbitMqClientMock.go:16.46,20.2 1 0
github.com/TerraDharitri/drt-go-chain-notifier/mocks/rabbitMqClientMock.go:23.113,30.2 4 0
github.com/TerraDharitri/drt-go-chain-notifier/mocks/rabbitMqClientMock.go:33.70,35.2 1 0
github.com/TerraDharitri/drt-go-chain-notifier/mocks/rabbitMqClientMock.go:38.60,40.2 1 0
github.com/TerraDharitri/drt-go-chain-notifier/mocks/rabbitMqClientMock.go:43.61,45.2 1 0
github.com/TerraDharitri/drt-go-chain-notifier/mocks/rabbitMqClientMock.go:48.42,49.2 0 0
github.com/TerraDharitri/drt-go-chain-notifier/mocks/rabbitMqClientMock.go:52.46,53.2 0 0
github.com/TerraDharitri/drt-go-chain-notifier/mocks/rabbitMqClientMock.go:56.69,61.2 3 0
github.com/TerraDharitri/drt-go-chain-notifier/mocks/rabbitMqClientMock.go:64.38,65.2 0 0
github.com/TerraDharitri/drt-go-chain-notifier/mocks/rabbitMqClientMock.go:68.51,70.2 1 0
github.com/TerraDharitri/drt-go-chain-notifier/mocks/rabbitMqClientStub.go:17.113,18.29 1 0
github.com/TerraDharitri/drt-go-chain-notifier/mocks/rabbitMqClientStub.go:18.29,20.3 1 0
github.com/TerraDharitri/drt-go-chain-notifier/mocks/rabbitMqClientStub.go:21.2,21.12 1 0
github.com/TerraDharitri/drt-go-chain-notifier/mocks/rabbitMqClientStub.go:25.70,26.37 1 0
github.com/TerraDharitri/drt-go-chain-notifier/mocks/rabbitMqClientStub.go:26.37,28.3 1 0
github.com/TerraDharitri/drt-go-chain-notifier/mocks/rabbitMqClientStub.go:29.2,29.12 1 0
github.com/TerraDharitri/drt-go-chain-notifier/mocks/rabbitMqClientStub.go:33.60,34.33 1 0
github.com/TerraDharitri/drt-go-chain-notifier/mocks/rabbitMqClientStub.go:34.33,36.3 1 0
github.com/TerraDharitri/drt-go-chain-notifier/mocks/rabbitMqClientStub.go:37.2,37.12 1 0
github.com/TerraDharitri/drt-go-chain-notifier/mocks/rabbitMqClientStub.go:41.61,42.34 1 0
github.com/TerraDharitri/drt-go-chain-notifier/mocks/rabbitMqClientStub.go:42.34,44.3 1 0
github.com/TerraDharitri/drt-go-chain-notifier/mocks/rabbitMqClientStub.go:45.2,45.12 1 0
github.com/TerraDharitri/drt-go-chain-notifier/mocks/rabbitMqClientStub.go:49.41,50.31 1 0
github.com/TerraDharitri/drt-go-chain-notifier/mocks/rabbitMqClientStub.go:50.31,52.3 1 0
github.com/TerraDharitri/drt-go-chain-notifier/mocks/rabbitMqClientStub.go:56.45,57.35 1 0
github.com/TerraDharitri/drt-go-chain-notifier/mocks/rabbitMqClientStub.go:57.35,59.3 1 0
github.com/TerraDharitri/drt-go-chain-notifier/mocks/rabbitMqClientStub.go:63.37,64.27 1 0
github.com/TerraDharitri/drt-go-chain-notifier/mocks/rabbitMqClientStub.go:64.27,66.3 1 0
github.com/TerraDharitri/drt-go-chain-notifier/mocks/rabbitMqClientStub.go:70.51,72.2 1 0
github.com/TerraDharitri/drt-go-chain-notifier/mocks/redisClientMock.go:16.44,20.2 1 0
github.com/TerraDharitri/drt-go-chain-notifier/mocks/redisClientMock.go:23.113,28.33 4 0
github.com/TerraDharitri/drt-go-chain-notifier/mocks/redisClientMock.go:28.33,29.31 1 0
github.com/TerraDharitri/drt-go-chain-notifier/mocks/redisClientMock.go:29.31,31.9 2 0
github.com/TerraDharitri/drt-go-chain-notifier/mocks/redisClientMock.go:35.2,35.13 1 0
github.com/TerraDharitri/drt-go-chain-notifier/mocks/redisClientMock.go:35.13,38.3 2 0
github.com/TerraDharitri/drt-go-chain-notifier/mocks/redisClientMock.go:40.2,40.19 1 0
github.com/TerraDharitri/drt-go-chain-notifier/mocks/redisClientMock.go:44.57,49.2 3 0
github.com/TerraDharitri/drt-go-chain-notifier/mocks/redisClientMock.go:52.68,54.2 1 0
github.com/TerraDharitri/drt-go-chain-notifier/mocks/redisClientMock.go:57.64,59.2 1 0
github.com/TerraDharitri/drt-go-chain-notifier/mocks/redisClientMock.go:62.50,64.2 1 0
github.com/TerraDharitri/drt-go-chain-notifier/mocks/redisClientStub.go:16.113,17.30 1 0
github.com/TerraDharitri/drt-go-chain-notifier/mocks/redisClientStub.go:17.30,19.3 1 0
github.com/TerraDharitri/drt-go-chain-notifier/mocks/redisClientStub.go:21.2,21.19 1 0
github.com/TerraDharitri/drt-go-chain-notifier/mocks/redisClientStub.go:25.68,26.26 1 0
github.com/TerraDharitri/drt-go-chain-notifier/mocks/redisClientStub.go:26.26,28.3 1 0
github.com/TerraDharitri/drt-go-chain-notifier/mocks/redisClientStub.go:30.2,30.16 1 0
github.com/TerraDharitri/drt-go-chain-notifier/mocks/redisClientStub.go:34.64,35.33 1 0
github.com/TerraDharitri/drt-go-chain-notifier/mocks/redisClientStub.go:35.33,37.3 1 0
github.com/TerraDharitri/drt-go-chain-notifier/mocks/redisClientStub.go:39.2,39.14 1 0
github.com/TerraDharitri/drt-go-chain-notifier/mocks/redisClientStub.go:43.50,45.2 1 0
github.com/TerraDharitri/drt-go-chain-notifier/mocks/statusMetricsStub.go:17.77,18.31 1 0
github.com/TerraDharitri/drt-go-chain-notifier/mocks/statusMetricsStub.go:18.31,20.3 1 0
github.com/TerraDharitri/drt-go-chain-notifier/mocks/statusMetricsStub.go:24.79,25.27 1 0
github.com/TerraDharitri/drt-go-chain-notifier/mocks/statusMetricsStub.go:25.27,27.3 1 0
github.com/TerraDharitri/drt-go-chain-notifier/mocks/statusMetricsStub.go:29.2,29.12 1 0
github.com/TerraDharitri/drt-go-chain-notifier/mocks/statusMetricsStub.go:33.62,34.44 1 0
github.com/TerraDharitri/drt-go-chain-notifier/mocks/statusMetricsStub.go:34.44,36.3 1 0
github.com/TerraDharitri/drt-go-chain-notifier/mocks/statusMetricsStub.go:38.2,38.11 1 0
github.com/TerraDharitri/drt-go-chain-notifier/mocks/statusMetricsStub.go:42.51,44.2 1 0
github.com/TerraDharitri/drt-go-chain-notifier/mocks/wsConnStub.go:21.74,22.31 1 0
github.com/TerraDharitri/drt-go-chain-notifier/mocks/wsConnStub.go:22.31,24.3 1 0
github.com/TerraDharitri/drt-go-chain-notifier/mocks/wsConnStub.go:26.2,26.17 1 0
github.com/TerraDharitri/drt-go-chain-notifier/mocks/wsConnStub.go:30.71,31.33 1 0
github.com/TerraDharitri/drt-go-chain-notifier/mocks/wsConnStub.go:31.33,33.3 1 0
github.com/TerraDharitri/drt-go-chain-notifier/mocks/wsConnStub.go:35.2,35.12 1 0
github.com/TerraDharitri/drt-go-chain-notifier/mocks/wsConnStub.go:39.75,40.32 1 0
github.com/TerraDharitri/drt-go-chain-notifier/mocks/wsConnStub.go:40.32,42.3 1 0
github.com/TerraDharitri/drt-go-chain-notifier/mocks/wsConnStub.go:44.2,44.20 1 0
github.com/TerraDharitri/drt-go-chain-notifier/mocks/wsConnStub.go:48.58,49.37 1 0
github.com/TerraDharitri/drt-go-chain-notifier/mocks/wsConnStub.go:49.37,51.3 1 0
github.com/TerraDharitri/drt-go-chain-notifier/mocks/wsConnStub.go:53.2,53.12 1 0
github.com/TerraDharitri/drt-go-chain-notifier/mocks/wsConnStub.go:57.48,58.33 1 0
github.com/TerraDharitri/drt-go-chain-notifier/mocks/wsConnStub.go:58.33,60.3 1 0
github.com/TerraDharitri/drt-go-chain-notifier/mocks/wsConnStub.go:64.57,65.36 1 0
github.com/TerraDharitri/drt-go-chain-notifier/mocks/wsConnStub.go:65.36,67.3 1 0
github.com/TerraDharitri/drt-go-chain-notifier/mocks/wsConnStub.go:69.2,69.12 1 0
github.com/TerraDharitri/drt-go-chain-notifier/mocks/wsConnStub.go:73.67,74.35 1 0
github.com/TerraDharitri/drt-go-chain-notifier/mocks/wsConnStub.go:74.35,76.3 1 0
github.com/TerraDharitri/drt-go-chain-notifier/mocks/wsConnStub.go:80.36,81.26 1 0
github.com/TerraDharitri/drt-go-chain-notifier/mocks/wsConnStub.go:81.26,83.3 1 0
github.com/TerraDharitri/drt-go-chain-notifier/mocks/wsConnStub.go:85.2,85.12 1 0
github.com/TerraDharitri/drt-go-chain-notifier/mocks/wsHandlerStub.go:11.77,12.32 1 0
github.com/TerraDharitri/drt-go-chain-notifier/mocks/wsHandlerStub.go:12.32,14.3 1 0
github.com/TerraDharitri/drt-go-chain-notifier/mocks/wsHandlerStub.go:18.49,20.2 1 0
github.com/TerraDharitri/drt-go-chain-notifier/mocks/wsUpgraderStub.go:15.137,16.30 1 0
github.com/TerraDharitri/drt-go-chain-notifier/mocks/wsUpgraderStub.go:16.30,18.3 1 0
github.com/TerraDharitri/drt-go-chain-notifier/mocks/wsUpgraderStub.go:20.2,20.17 1 0
github.com/TerraDharitri/drt-go-chain-notifier/mocks/wsUpgraderStub.go:24.50,26.2 1 0
github.com/TerraDharitri/drt-go-chain-notifier/tools/httpConnector/httpClientWrapper.go:48.83,50.16 2 0
github.com/TerraDharitri/drt-go-chain-notifier/tools/httpConnector/httpClientWrapper.go:50.16,52.3 1 0
github.com/TerraDharitri/drt-go-chain-notifier/tools/httpConnector/httpClientWrapper.go:54.2,63.8 3 0
github.com/TerraDharitri/drt-go-chain-notifier/tools/httpConnector/httpClientWrapper.go:66.50,67.24 1 0
github.com/TerraDharitri/drt-go-chain-notifier/tools/httpConnector/httpClientWrapper.go:67.24,69.3 1 0
github.com/TerraDharitri/drt-go-chain-notifier/tools/httpConnector/httpClientWrapper.go:70.2,70.51 1 0
github.com/TerraDharitri/drt-go-chain-notifier/tools/httpConnector/httpClientWrapper.go:70.51,72.3 1 0
github.com/TerraDharitri/drt-go-chain-notifier/tools/httpConnector/httpClientWrapper.go:73.2,73.27 1 0
github.com/TerraDharitri/drt-go-chain-notifier/tools/httpConnector/httpClientWrapper.go:73.27,74.26 1 0
github.com/TerraDharitri/drt-go-chain-notifier/tools/httpConnector/httpClientWrapper.go:74.26,76.4 1 0
github.com/TerraDharitri/drt-go-chain-notifier/tools/httpConnector/httpClientWrapper.go:77.3,77.26 1 0
github.com/TerraDharitri/drt-go-chain-notifier/tools/httpConnector/httpClientWrapper.go:77.26,79.4 1 0
github.com/TerraDharitri/drt-go-chain-notifier/tools/httpConnector/httpClientWrapper.go:82.2,82.12 1 0
github.com/TerraDharitri/drt-go-chain-notifier/tools/httpConnector/httpClientWrapper.go:89.9,91.16 2 0
github.com/TerraDharitri/drt-go-chain-notifier/tools/httpConnector/httpClientWrapper.go:91.16,93.3 1 0
github.com/TerraDharitri/drt-go-chain-notifier/tools/httpConnector/httpClientWrapper.go:95.2,97.16 3 0
github.com/TerraDharitri/drt-go-chain-notifier/tools/httpConnector/httpClientWrapper.go:97.16,99.3 1 0
github.com/TerraDharitri/drt-go-chain-notifier/tools/httpConnector/httpClientWrapper.go:101.2,104.24 3 0
github.com/TerraDharitri/drt-go-chain-notifier/tools/httpConnector/httpClientWrapper.go:104.24,106.3 1 0
github.com/TerraDharitri/drt-go-chain-notifier/tools/httpConnector/httpClientWrapper.go:108.2,109.16 2 0
github.com/TerraDharitri/drt-go-chain-notifier/tools/httpConnector/httpClientWrapper.go:109.16,111.3 1 0
github.com/TerraDharitri/drt-go-chain-notifier/tools/httpConnector/httpClientWrapper.go:112.2,112.15 1 0
github.com/TerraDharitri/drt-go-chain-notifier/tools/httpConnector/httpClientWrapper.go:112.15,113.38 1 0
github.com/TerraDharitri/drt-go-chain-notifier/tools/httpConnector/httpClientWrapper.go:113.38,115.27 2 0
github.com/TerraDharitri/drt-go-chain-notifier/tools/httpConnector/httpClientWrapper.go:115.27,117.5 1 0
github.com/TerraDharitri/drt-go-chain-notifier/tools/httpConnector/httpClientWrapper.go:121.2,122.16 2 0
github.com/TerraDharitri/drt-go-chain-notifier/tools/httpConnector/httpClientWrapper.go:122.16,124.3 1 0
github.com/TerraDharitri/drt-go-chain-notifier/tools/httpConnector/httpClientWrapper.go:126.2,126.38 1 0
github.com/TerraDharitri/drt-go-chain-notifier/tools/httpConnector/httpClientWrapper.go:126.38,129.3 2 0
github.com/TerraDharitri/drt-go-chain-notifier/tools/httpConnector/httpClientWrapper.go:131.2,131.12 1 0
github.com/TerraDharitri/drt-go-chain-notifier/tools/httpConnector/httpClientWrapper.go:135.51,137.2 1 0
github.com/TerraDharitri/drt-go-chain-notifier/tools/httpConnector/main.go:10.13,17.16 3 0
github.com/TerraDharitri/drt-go-chain-notifier/tools/httpConnector/main.go:17.16,20.3 2 0
github.com/TerraDharitri/drt-go-chain-notifier/tools/httpConnector/main.go:22.2,24.16 3 0
github.com/TerraDharitri/drt-go-chain-notifier/tools/httpConnector/main.go:24.16,27.3 2 0
github.com/TerraDharitri/drt-go-chain-notifier/tools/httpConnector/main.go:29.2,30.16 2 0
github.com/TerraDharitri/drt-go-chain-notifier/tools/httpConnector/main.go:30.16,33.3 2 0
github.com/TerraDharitri/drt-go-chain-notifier/tools/httpConnector/main.go:35.2,36.16 2 0
github.com/TerraDharitri/drt-go-chain-notifier/tools/httpConnector/main.go:36.16,39.3 2 0
github.com/TerraDharitri/drt-go-chain-notifier/tools/httpConnector/main.go:41.2,42.16 2 0
github.com/TerraDharitri/drt-go-chain-notifier/tools/httpConnector/main.go:42.16,45.3 2 0
github.com/TerraDharitri/drt-go-chain-notifier/tools/wsConnector/main.go:15.13,18.16 3 0
github.com/TerraDharitri/drt-go-chain-notifier/tools/wsConnector/main.go:18.16,21.3 2 0
github.com/TerraDharitri/drt-go-chain-notifier/tools/wsConnector/main.go:23.2,23.6 1 0
github.com/TerraDharitri/drt-go-chain-notifier/tools/wsConnector/main.go:23.6,25.17 2 0
github.com/TerraDharitri/drt-go-chain-notifier/tools/wsConnector/main.go:25.17,28.12 3 0
github.com/TerraDharitri/drt-go-chain-notifier/tools/wsConnector/main.go:31.3,32.17 2 0
github.com/TerraDharitri/drt-go-chain-notifier/tools/wsConnector/main.go:32.17,35.12 3 0
github.com/TerraDharitri/drt-go-chain-notifier/tools/wsConnector/main.go:38.3,39.17 2 0
github.com/TerraDharitri/drt-go-chain-notifier/tools/wsConnector/main.go:39.17,42.12 3 0
github.com/TerraDharitri/drt-go-chain-notifier/tools/wsConnector/main.go:45.3,46.17 2 0
github.com/TerraDharitri/drt-go-chain-notifier/tools/wsConnector/main.go:46.17,49.12 3 0
github.com/TerraDharitri/drt-go-chain-notifier/tools/wsConnector/main.go:52.3,54.30 2 0
github.com/TerraDharitri/drt-go-chain-notifier/tools/wsConnector/main.go:71.75,88.16 4 0
github.com/TerraDharitri/drt-go-chain-notifier/tools/wsConnector/main.go:88.16,90.3 1 0
github.com/TerraDharitri/drt-go-chain-notifier/tools/wsConnector/main.go:92.2,95.8 1 0
github.com/TerraDharitri/drt-go-chain-notifier/tools/wsConnector/main.go:99.83,101.2 1 0
github.com/TerraDharitri/drt-go-chain-notifier/tools/wsConnector/main.go:104.79,106.2 1 0
github.com/TerraDharitri/drt-go-chain-notifier/tools/wsConnector/main.go:109.92,111.2 1 0
github.com/TerraDharitri/drt-go-chain-notifier/tools/wsConnector/main.go:113.74,115.16 2 0
github.com/TerraDharitri/drt-go-chain-notifier/tools/wsConnector/main.go:115.16,117.3 1 0
github.com/TerraDharitri/drt-go-chain-notifier/tools/wsConnector/main.go:119.2,120.16 2 0
github.com/TerraDharitri/drt-go-chain-notifier/tools/wsConnector/main.go:120.16,122.3 1 0
github.com/TerraDharitri/drt-go-chain-notifier/tools/wsConnector/main.go:124.2,124.12 1 0
github.com/TerraDharitri/drt-go-chain-notifier/tools/wsConnector/main.go:128.37,130.2 1 0
github.com/TerraDharitri/drt-go-chain-notifier/tools/wsPublisher/main.go:21.13,23.16 2 0
github.com/TerraDharitri/drt-go-chain-notifier/tools/wsPublisher/main.go:23.16,26.3 2 0
github.com/TerraDharitri/drt-go-chain-notifier/tools/wsPublisher/main.go:27.2,48.6 4 0
github.com/TerraDharitri/drt-go-chain-notifier/tools/wsPublisher/main.go:48.6,50.17 2 0
github.com/TerraDharitri/drt-go-chain-notifier/tools/wsPublisher/main.go:50.17,52.12 2 0
github.com/TerraDharitri/drt-go-chain-notifier/tools/wsPublisher/main.go:55.3,57.17 3 0
github.com/TerraDharitri/drt-go-chain-notifier/tools/wsPublisher/main.go:57.17,59.12 2 0
github.com/TerraDharitri/drt-go-chain-notifier/tools/wsPublisher/main.go:62.3,62.21 1 0
github.com/TerraDharitri/drt-go-chain-notifier/tools/wsPublisher/main.go:63.27,66.72 3 0
github.com/TerraDharitri/drt-go-chain-notifier/tools/wsPublisher/main.go:67.33,70.22 3 0
github.com/TerraDharitri/drt-go-chain-notifier/tools/wsPublisher/main.go:71.36,74.74 3 0
github.com/TerraDharitri/drt-go-chain-notifier/tools/wsPublisher/main.go:75.24,78.22 3 0
github.com/TerraDharitri/drt-go-chain-notifier/tools/wsPublisher/main.go:79.25,82.27 3 0
github.com/TerraDharitri/drt-go-chain-notifier/tools/wsPublisher/main.go:83.34,87.57 4 0
github.com/TerraDharitri/drt-go-chain-notifier/tools/wsPublisher/main.go:87.57,89.40 2 0
github.com/TerraDharitri/drt-go-chain-notifier/tools/wsPublisher/main.go:89.40,91.6 1 0
github.com/TerraDharitri/drt-go-chain-notifier/tools/wsPublisher/main.go:93.11,94.39 1 0
github.com/TerraDharitri/drt-go-chain-notifier/tools/wsPublisher/main.go:105.39,113.16 3 0
github.com/TerraDharitri/drt-go-chain-notifier/tools/wsPublisher/main.go:113.16,115.3 1 0
github.com/TerraDharitri/drt-go-chain-notifier/tools/wsPublisher/main.go:117.2,119.8 1 0
github.com/TerraDharitri/drt-go-chain-notifier/tools/wsPublisher/main.go:123.85,128.16 4 0
github.com/TerraDharitri/drt-go-chain-notifier/tools/wsPublisher/main.go:128.16,130.3 1 0
github.com/TerraDharitri/drt-go-chain-notifier/tools/wsPublisher/main.go:132.2,132.59 1 0
github.com/TerraDharitri/drt-go-chain-notifier/tools/wsPublisher/main.go:136.51,141.16 4 0
github.com/TerraDharitri/drt-go-chain-notifier/tools/wsPublisher/main.go:141.16,143.3 1 0
github.com/TerraDharitri/drt-go-chain-notifier/tools/wsPublisher/main.go:145.2,145.15 1 0
github.com/TerraDharitri/drt-go-chain-notifier/tools/wsPublisher/main.go:149.29,154.2 3 0
github.com/TerraDharitri/drt-go-chain-notifier/config/config.go:119.59,122.16 3 0
github.com/TerraDharitri/drt-go-chain-notifier/config/config.go:122.16,124.3 1 0
github.com/TerraDharitri/drt-go-chain-notifier/config/config.go:125.2,125.17 1 0
github.com/TerraDharitri/drt-go-chain-notifier/config/config.go:129.63,132.16 3 0
github.com/TerraDharitri/drt-go-chain-notifier/config/config.go:132.16,134.3 1 0
github.com/TerraDharitri/drt-go-chain-notifier/config/config.go:135.2,135.17 1 0
github.com/TerraDharitri/drt-go-chain-notifier/dispatcher/subscription.go:43.50,48.2 1 5
github.com/TerraDharitri/drt-go-chain-notifier/dispatcher/subscription.go:52.78,53.77 1 31
github.com/TerraDharitri/drt-go-chain-notifier/dispatcher/subscription.go:53.77,64.3 3 6
github.com/TerraDharitri/drt-go-chain-notifier/dispatcher/subscription.go:66.2,66.53 1 25
github.com/TerraDharitri/drt-go-chain-notifier/dispatcher/subscription.go:66.53,83.3 5 39
github.com/TerraDharitri/drt-go-chain-notifier/dispatcher/subscription.go:85.2,85.71 1 25
github.com/TerraDharitri/drt-go-chain-notifier/dispatcher/subscription.go:89.75,93.49 3 1
github.com/TerraDharitri/drt-go-chain-notifier/dispatcher/subscription.go:93.49,95.3 1 1
github.com/TerraDharitri/drt-go-chain-notifier/dispatcher/subscription.go:97.2,97.67 1 1
github.com/TerraDharitri/drt-go-chain-notifier/dispatcher/subscription.go:101.78,106.39 4 4
github.com/TerraDharitri/drt-go-chain-notifier/dispatcher/subscription.go:106.39,107.25 1 6
github.com/TerraDharitri/drt-go-chain-notifier/dispatcher/subscription.go:107.25,109.4 1 36
github.com/TerraDharitri/drt-go-chain-notifier/dispatcher/subscription.go:112.2,112.22 1 4
github.com/TerraDharitri/drt-go-chain-notifier/dispatcher/subscription.go:115.91,120.46 4 54
github.com/TerraDharitri/drt-go-chain-notifier/dispatcher/subscription.go:120.46,122.3 1 11
github.com/TerraDharitri/drt-go-chain-notifier/dispatcher/subscription.go:123.2,123.33 1 43
github.com/TerraDharitri/drt-go-chain-notifier/dispatcher/subscription.go:123.33,125.3 1 40
github.com/TerraDharitri/drt-go-chain-notifier/dispatcher/subscription.go:126.2,126.19 1 3
github.com/TerraDharitri/drt-go-chain-notifier/dispatcher/subscription.go:126.19,128.3 1 1
github.com/TerraDharitri/drt-go-chain-notifier/dispatcher/subscription.go:129.2,129.16 1 2
github.com/TerraDharitri/drt-go-chain-notifier/dispatcher/subscription.go:129.16,131.3 1 1
github.com/TerraDharitri/drt-go-chain-notifier/dispatcher/subscription.go:133.2,133.17 1 1
github.com/TerraDharitri/drt-go-chain-notifier/dispatcher/subscription.go:136.73,141.2 3 45
github.com/TerraDharitri/drt-go-chain-notifier/dispatcher/subscription.go:143.59,149.51 1 39
github.com/TerraDharitri/drt-go-chain-notifier/dispatcher/subscription.go:149.51,151.3 1 4
github.com/TerraDharitri/drt-go-chain-notifier/dispatcher/subscription.go:153.2,153.33 1 35
github.com/TerraDharitri/drt-go-chain-notifier/dispatcher/subscription.go:157.53,159.2 1 0
github.com/TerraDharitri/drt-go-chain-notifier/facade/notifierFacade.go:32.74,34.16 2 9
github.com/TerraDharitri/drt-go-chain-notifier/facade/notifierFacade.go:34.16,36.3 1 3
github.com/TerraDharitri/drt-go-chain-notifier/facade/notifierFacade.go:38.2,43.8 1 6
github.com/TerraDharitri/drt-go-chain-notifier/facade/notifierFacade.go:46.47,47.37 1 9
github.com/TerraDharitri/drt-go-chain-notifier/facade/notifierFacade.go:47.37,49.3 1 1
github.com/TerraDharitri/drt-go-chain-notifier/facade/notifierFacade.go:50.2,50.33 1 8
github.com/TerraDharitri/drt-go-chain-notifier/facade/notifierFacade.go:50.33,52.3 1 1
github.com/TerraDharitri/drt-go-chain-notifier/facade/notifierFacade.go:53.2,53.44 1 7
github.com/TerraDharitri/drt-go-chain-notifier/facade/notifierFacade.go:53.44,55.3 1 1
github.com/TerraDharitri/drt-go-chain-notifier/facade/notifierFacade.go:57.2,57.12 1 6
github.com/TerraDharitri/drt-go-chain-notifier/facade/notifierFacade.go:62.84,64.2 1 1
github.com/TerraDharitri/drt-go-chain-notifier/facade/notifierFacade.go:67.71,69.2 1 1
github.com/TerraDharitri/drt-go-chain-notifier/facade/notifierFacade.go:72.77,74.2 1 1
github.com/TerraDharitri/drt-go-chain-notifier/facade/notifierFacade.go:77.77,79.2 1 1
github.com/TerraDharitri/drt-go-chain-notifier/facade/notifierFacade.go:83.70,85.2 1 1
github.com/TerraDharitri/drt-go-chain-notifier/facade/notifierFacade.go:88.81,90.2 1 0
github.com/TerraDharitri/drt-go-chain-notifier/facade/notifierFacade.go:93.60,95.2 1 0
github.com/TerraDharitri/drt-go-chain-notifier/facade/notifierFacade.go:98.49,100.2 1 3
github.com/TerraDharitri/drt-go-chain-notifier/mocks/consumerMock.go:19.38,25.2 1 0
github.com/TerraDharitri/drt-go-chain-notifier/mocks/consumerMock.go:28.53,31.31 3 0
github.com/TerraDharitri/drt-go-chain-notifier/mocks/consumerMock.go:31.31,33.3 1 0
github.com/TerraDharitri/drt-go-chain-notifier/mocks/consumerMock.go:37.55,42.2 3 0
github.com/TerraDharitri/drt-go-chain-notifier/mocks/consumerMock.go:45.60,49.31 3 0
github.com/TerraDharitri/drt-go-chain-notifier/mocks/consumerMock.go:49.31,51.46 2 0
github.com/TerraDharitri/drt-go-chain-notifier/mocks/consumerMock.go:51.46,52.42 1 0
github.com/TerraDharitri/drt-go-chain-notifier/mocks/consumerMock.go:52.42,54.10 2 0
github.com/TerraDharitri/drt-go-chain-notifier/mocks/consumerMock.go:57.3,57.14 1 0
github.com/TerraDharitri/drt-go-chain-notifier/mocks/consumerMock.go:57.14,59.4 1 0
github.com/TerraDharitri/drt-go-chain-notifier/mocks/consumerMock.go:62.2,62.13 1 0
github.com/TerraDharitri/drt-go-chain-notifier/mocks/consumerMock.go:66.56,70.45 3 0
github.com/TerraDharitri/drt-go-chain-notifier/mocks/consumerMock.go:70.45,71.41 1 0
github.com/TerraDharitri/drt-go-chain-notifier/mocks/consumerMock.go:71.41,73.4 1 0
github.com/TerraDharitri/drt-go-chain-notifier/mocks/consumerMock.go:76.2,76.14 1 0
github.com/TerraDharitri/drt-go-chain-notifier/mocks/dispatcherMock.go:17.84,23.2 1 0
github.com/TerraDharitri/drt-go-chain-notifier/mocks/dispatcherMock.go:26.44,28.2 1 0
github.com/TerraDharitri/drt-go-chain-notifier/mocks/dispatcherMock.go:31.58,33.2 1 0
github.com/TerraDharitri/drt-go-chain-notifier/mocks/dispatcherMock.go:36.72,37.2 0 0
github.com/TerraDharitri/drt-go-chain-notifier/mocks/dispatcherMock.go:40.63,41.2 0 0
github.com/TerraDharitri/drt-go-chain-notifier/mocks/dispatcherMock.go:44.69,45.2 0 0
github.com/TerraDharitri/drt-go-chain-notifier/mocks/dispatcherMock.go:48.57,49.2 0 0
github.com/TerraDharitri/drt-go-chain-notifier/mocks/dispatcherMock.go:52.59,53.2 0 0
github.com/TerraDharitri/drt-go-chain-notifier/mocks/dispatcherMock.go:56.77,57.2 0 0
github.com/TerraDharitri/drt-go-chain-notifier/mocks/dispatcherMock.go:60.63,62.2 1 0
github.com/TerraDharitri/drt-go-chain-notifier/mocks/dispatcherMock.go:65.37,67.2 1 0
github.com/TerraDharitri/drt-go-chain-notifier/mocks/dispatcherMock.go:70.39,72.2 1 0
github.com/TerraDharitri/drt-go-chain-notifier/mocks/dispatcherStub.go:21.44,22.26 1 0
github.com/TerraDharitri/drt-go-chain-notifier/mocks/dispatcherStub.go:22.26,24.3 1 0
github.com/TerraDharitri/drt-go-chain-notifier/mocks/dispatcherStub.go:26.2,26.20 1 0
github.com/TerraDharitri/drt-go-chain-notifier/mocks/dispatcherStub.go:30.58,31.31 1 0
github.com/TerraDharitri/drt-go-chain-notifier/mocks/dispatcherStub.go:31.31,33.3 1 0
github.com/TerraDharitri/drt-go-chain-notifier/mocks/dispatcherStub.go:37.72,38.32 1 0
github.com/TerraDharitri/drt-go-chain-notifier/mocks/dispatcherStub.go:38.32,40.3 1 0
github.com/TerraDharitri/drt-go-chain-notifier/mocks/dispatcherStub.go:44.62,45.32 1 0
github.com/TerraDharitri/drt-go-chain-notifier/mocks/dispatcherStub.go:45.32,47.3 1 0
github.com/TerraDharitri/drt-go-chain-notifier/mocks/dispatcherStub.go:51.68,52.35 1 0
github.com/TerraDharitri/drt-go-chain-notifier/mocks/dispatcherStub.go:52.35,54.3 1 0
github.com/TerraDharitri/drt-go-chain-notifier/mocks/dispatcherStub.go:58.56,59.29 1 0
github.com/TerraDharitri/drt-go-chain-notifier/mocks/dispatcherStub.go:59.29,61.3 1 0
github.com/TerraDharitri/drt-go-chain-notifier/mocks/dispatcherStub.go:65.58,66.30 1 0
github.com/TerraDharitri/drt-go-chain-notifier/mocks/dispatcherStub.go:66.30,68.3 1 0
github.com/TerraDharitri/drt-go-chain-notifier/mocks/dispatcherStub.go:72.76,73.39 1 0
github.com/TerraDharitri/drt-go-chain-notifier/mocks/dispatcherStub.go:73.39,75.3 1 0
github.com/TerraDharitri/drt-go-chain-notifier/mocks/eventsDataHandlerStub.go:14.111,15.46 1 0
github.com/TerraDharitri/drt-go-chain-notifier/mocks/eventsDataHandlerStub.go:15.46,17.3 1 0
github.com/TerraDharitri/drt-go-chain-notifier/mocks/eventsDataHandlerStub.go:19.2,19.35 1 0
github.com/TerraDharitri/drt-go-chain-notifier/mocks/eventsDataHandlerStub.go:23.112,24.43 1 0
github.com/TerraDharitri/drt-go-chain-notifier/mocks/eventsDataHandlerStub.go:24.43,26.3 1 0
github.com/TerraDharitri/drt-go-chain-notifier/mocks/eventsDataHandlerStub.go:28.2,28.39 1 0
github.com/TerraDharitri/drt-go-chain-notifier/mocks/eventsDataHandlerStub.go:32.107,33.44 1 0
github.com/TerraDharitri/drt-go-chain-notifier/mocks/eventsDataHandlerStub.go:33.44,35.3 1 0
github.com/TerraDharitri/drt-go-chain-notifier/mocks/eventsDataHandlerStub.go:37.2,37.33 1 0
github.com/TerraDharitri/drt-go-chain-notifier/mocks/eventsDataHandlerStub.go:41.113,42.47 1 0
github.com/TerraDharitri/drt-go-chain-notifier/mocks/eventsDataHandlerStub.go:42.47,44.3 1 0
github.com/TerraDharitri/drt-go-chain-notifier/mocks/eventsDataHandlerStub.go:46.2,46.36 1 0
github.com/TerraDharitri/drt-go-chain-notifier/mocks/eventsDataHandlerStub.go:50.58,52.2 1 0
github.com/TerraDharitri/drt-go-chain-notifier/mocks/eventsDataProcessorStub.go:11.77,12.33 1 0
github.com/TerraDharitri/drt-go-chain-notifier/mocks/eventsDataProcessorStub.go:12.33,14.3 1 0
github.com/TerraDharitri/drt-go-chain-notifier/mocks/eventsDataProcessorStub.go:16.2,16.12 1 0
github.com/TerraDharitri/drt-go-chain-notifier/mocks/eventsDataProcessorStub.go:20.86,21.42 1 0
github.com/TerraDharitri/drt-go-chain-notifier/mocks/eventsDataProcessorStub.go:21.42,23.3 1 0
github.com/TerraDharitri/drt-go-chain-notifier/mocks/eventsDataProcessorStub.go:25.2,25.12 1 0
github.com/TerraDharitri/drt-go-chain-notifier/mocks/eventsDataProcessorStub.go:29.82,30.38 1 0
github.com/TerraDharitri/drt-go-chain-notifier/mocks/eventsDataProcessorStub.go:30.38,32.3 1 0
github.com/TerraDharitri/drt-go-chain-notifier/mocks/eventsDataProcessorStub.go:34.2,34.12 1 0
github.com/TerraDharitri/drt-go-chain-notifier/mocks/eventsDataProcessorStub.go:38.52,40.2 1 0
github.com/TerraDharitri/drt-go-chain-notifier/mocks/eventsDataProcessorStub.go:43.60,45.2 1 0
github.com/TerraDharitri/drt-go-chain-notifier/mocks/eventsHandlerStub.go:13.88,14.42 1 1
github.com/TerraDharitri/drt-go-chain-notifier/mocks/eventsHandlerStub.go:14.42,16.3 1 1
github.com/TerraDharitri/drt-go-chain-notifier/mocks/eventsHandlerStub.go:18.2,18.12 1 0
github.com/TerraDharitri/drt-go-chain-notifier/mocks/eventsHandlerStub.go:22.78,23.39 1 1
github.com/TerraDharitri/drt-go-chain-notifier/mocks/eventsHandlerStub.go:23.39,25.3 1 1
github.com/TerraDharitri/drt-go-chain-notifier/mocks/eventsHandlerStub.go:29.87,30.42 1 1
github.com/TerraDharitri/drt-go-chain-notifier/mocks/eventsHandlerStub.go:30.42,32.3 1 1
github.com/TerraDharitri/drt-go-chain-notifier/mocks/eventsHandlerStub.go:36.51,38.2 1 8
github.com/TerraDharitri/drt-go-chain-notifier/mocks/eventsInterceptorStub.go:11.127,12.42 1 0
github.com/TerraDharitri/drt-go-chain-notifier/mocks/eventsInterceptorStub.go:12.42,14.3 1 0
github.com/TerraDharitri/drt-go-chain-notifier/mocks/eventsInterceptorStub.go:16.2,16.17 1 0
github.com/TerraDharitri/drt-go-chain-notifier/mocks/eventsInterceptorStub.go:20.58,22.2 1 0
github.com/TerraDharitri/drt-go-chain-notifier/mocks/facadeStub.go:21.77,22.38 1 0
github.com/TerraDharitri/drt-go-chain-notifier/mocks/facadeStub.go:22.38,24.3 1 0
github.com/TerraDharitri/drt-go-chain-notifier/mocks/facadeStub.go:26.2,26.12 1 0
github.com/TerraDharitri/drt-go-chain-notifier/mocks/facadeStub.go:30.67,31.40 1 0
github.com/TerraDharitri/drt-go-chain-notifier/mocks/facadeStub.go:31.40,33.3 1 0
github.com/TerraDharitri/drt-go-chain-notifier/mocks/facadeStub.go:37.73,38.43 1 0
github.com/TerraDharitri/drt-go-chain-notifier/mocks/facadeStub.go:38.43,40.3 1 0
github.com/TerraDharitri/drt-go-chain-notifier/mocks/facadeStub.go:44.73,45.27 1 0
github.com/TerraDharitri/drt-go-chain-notifier/mocks/facadeStub.go:45.27,47.3 1 0
github.com/TerraDharitri/drt-go-chain-notifier/mocks/facadeStub.go:51.66,52.45 1 0
github.com/TerraDharitri/drt-go-chain-notifier/mocks/facadeStub.go:52.45,54.3 1 0
github.com/TerraDharitri/drt-go-chain-notifier/mocks/facadeStub.go:56.2,56.15 1 0
github.com/TerraDharitri/drt-go-chain-notifier/mocks/facadeStub.go:60.77,61.32 1 0
github.com/TerraDharitri/drt-go-chain-notifier/mocks/facadeStub.go:61.32,63.3 1 0
github.com/TerraDharitri/drt-go-chain-notifier/mocks/facadeStub.go:65.2,65.12 1 0
github.com/TerraDharitri/drt-go-chain-notifier/mocks/facadeStub.go:69.56,70.45 1 0
github.com/TerraDharitri/drt-go-chain-notifier/mocks/facadeStub.go:70.45,72.3 1 0
github.com/TerraDharitri/drt-go-chain-notifier/mocks/facadeStub.go:74.2,74.11 1 0
github.com/TerraDharitri/drt-go-chain-notifier/mocks/facadeStub.go:78.45,80.2 1 0
github.com/TerraDharitri/drt-go-chain-notifier/mocks/httpServerStub.go:12.51,13.37 1 0
github.com/TerraDharitri/drt-go-chain-notifier/mocks/httpServerStub.go:13.37,15.3 1 0
github.com/TerraDharitri/drt-go-chain-notifier/mocks/httpServerStub.go:17.2,17.12 1 0
github.com/TerraDharitri/drt-go-chain-notifier/mocks/httpServerStub.go:21.64,22.31 1 0
github.com/TerraDharitri/drt-go-chain-notifier/mocks/httpServerStub.go:22.31,24.3 1 0
github.com/TerraDharitri/drt-go-chain-notifier/mocks/httpServerStub.go:26.2,26.12 1 0
github.com/TerraDharitri/drt-go-chain-notifier/mocks/hubStub.go:23.52,24.28 1 0
github.com/TerraDharitri/drt-go-chain-notifier/mocks/hubStub.go:24.28,26.3 1 0
github.com/TerraDharitri/drt-go-chain-notifier/mocks/hubStub.go:30.63,31.34 1 0
github.com/TerraDharitri/drt-go-chain-notifier/mocks/hubStub.go:31.34,33.3 1 0
github.com/TerraDharitri/drt-go-chain-notifier/mocks/hubStub.go:37.72,38.37 1 0
github.com/TerraDharitri/drt-go-chain-notifier/mocks/hubStub.go:38.37,40.3 1 0
github.com/TerraDharitri/drt-go-chain-notifier/mocks/hubStub.go:44.54,45.31 1 0
github.com/TerraDharitri/drt-go-chain-notifier/mocks/hubStub.go:45.31,47.3 1 0
github.com/TerraDharitri/drt-go-chain-notifier/mocks/hubStub.go:51.57,52.32 1 0
github.com/TerraDharitri/drt-go-chain-notifier/mocks/hubStub.go:52.32,54.3 1 0
github.com/TerraDharitri/drt-go-chain-notifier/mocks/hubStub.go:58.83,59.48 1 0
github.com/TerraDharitri/drt-go-chain-notifier/mocks/hubStub.go:59.48,61.3 1 0
github.com/TerraDharitri/drt-go-chain-notifier/mocks/hubStub.go:65.67,66.34 1 0
github.com/TerraDharitri/drt-go-chain-notifier/mocks/hubStub.go:66.34,68.3 1 0
github.com/TerraDharitri/drt-go-chain-notifier/mocks/hubStub.go:72.69,73.36 1 0
github.com/TerraDharitri/drt-go-chain-notifier/mocks/hubStub.go:73.36,75.3 1 0
github.com/TerraDharitri/drt-go-chain-notifier/mocks/hubStub.go:79.56,80.30 1 0
github.com/TerraDharitri/drt-go-chain-notifier/mocks/hubStub.go:80.30,82.3 1 0
github.com/TerraDharitri/drt-go-chain-notifier/mocks/hubStub.go:86.33,88.2 1 0
github.com/TerraDharitri/drt-go-chain-notifier/mocks/hubStub.go:91.41,93.2 1 0
github.com/TerraDharitri/drt-go-chain-notifier/mocks/lockerStub.go:12.93,13.38 1 0
github.com/TerraDharitri/drt-go-chain-notifier/mocks/lockerStub.go:13.38,15.3 1 0
[...]
github.com/TerraDharitri/drt-go-chain-notifier/mocks/eventsDataHandlerStub.go:23.112,24.43 1 0
github.com/TerraDharitri/drt-go-chain-notifier/mocks/eventsDataHandlerStub.go:24.43,26.3 1 0
github.com/TerraDharitri/drt-go-chain-notifier/mocks/eventsDataHandlerStub.go:28.2,28.39 1 0
github.com/TerraDharitri/drt-go-chain-notifier/mocks/eventsDataHandlerStub.go:32.107,33.44 1 0
github.com/TerraDharitri/drt-go-chain-notifier/mocks/eventsDataHandlerStub.go:33.44,35.3 1 0
github.com/TerraDharitri/drt-go-chain-notifier/mocks/eventsDataHandlerStub.go:37.2,37.33 1 0
github.com/TerraDharitri/drt-go-chain-notifier/mocks/eventsDataHandlerStub.go:41.113,42.47 1 0
github.com/TerraDharitri/drt-go-chain-notifier/mocks/eventsDataHandlerStub.go:42.47,44.3 1 0
github.com/TerraDharitri/drt-go-chain-notifier/mocks/eventsDataHandlerStub.go:46.2,46.36 1 0
github.com/TerraDharitri/drt-go-chain-notifier/mocks/eventsDataHandlerStub.go:50.58,52.2 1 0
github.com/TerraDharitri/drt-go-chain-notifier/mocks/eventsDataProcessorStub.go:11.77,12.33 1 0
github.com/TerraDharitri/drt-go-chain-notifier/mocks/eventsDataProcessorStub.go:12.33,14.3 1 0
github.com/TerraDharitri/drt-go-chain-notifier/mocks/eventsDataProcessorStub.go:16.2,16.12 1 0
github.com/TerraDharitri/drt-go-chain-notifier/mocks/eventsDataProcessorStub.go:20.86,21.42 1 0
github.com/TerraDharitri/drt-go-chain-notifier/mocks/eventsDataProcessorStub.go:21.42,23.3 1 0
github.com/TerraDharitri/drt-go-chain-notifier/mocks/eventsDataProcessorStub.go:25.2,25.12 1 0
github.com/TerraDharitri/drt-go-chain-notifier/mocks/eventsDataProcessorStub.go:29.82,30.38 1 0
github.com/TerraDharitri/drt-go-chain-notifier/mocks/eventsDataProcessorStub.go:30.38,32.3 1 0
github.com/TerraDharitri/drt-go-chain-notifier/mocks/eventsDataProcessorStub.go:34.2,34.12 1 0
github.com/TerraDharitri/drt-go-chain-notifier/mocks/eventsDataProcessorStub.go:38.52,40.2 1 0
github.com/TerraDharitri/drt-go-chain-notifier/mocks/eventsDataProcessorStub.go:43.60,45.2 1 0
github.com/TerraDharitri/drt-go-chain-notifier/mocks/eventsHandlerStub.go:13.88,14.42 1 0
github.com/TerraDharitri/drt-go-chain-notifier/mocks/eventsHandlerStub.go:14.42,16.3 1 0
github.com/TerraDharitri/drt-go-chain-notifier/mocks/eventsHandlerStub.go:18.2,18.12 1 0
github.com/TerraDharitri/drt-go-chain-notifier/mocks/eventsHandlerStub.go:22.78,23.39 1 0
github.com/TerraDharitri/drt-go-chain-notifier/mocks/eventsHandlerStub.go:23.39,25.3 1 0
github.com/TerraDharitri/drt-go-chain-notifier/mocks/eventsHandlerStub.go:29.87,30.42 1 0
github.com/TerraDharitri/drt-go-chain-notifier/mocks/eventsHandlerStub.go:30.42,32.3 1 0
github.com/TerraDharitri/drt-go-chain-notifier/mocks/eventsHandlerStub.go:36.51,38.2 1 0
github.com/TerraDharitri/drt-go-chain-notifier/mocks/eventsInterceptorStub.go:11.127,12.42 1 0
github.com/TerraDharitri/drt-go-chain-notifier/mocks/eventsInterceptorStub.go:12.42,14.3 1 0
github.com/TerraDharitri/drt-go-chain-notifier/mocks/eventsInterceptorStub.go:16.2,16.17 1 0
github.com/TerraDharitri/drt-go-chain-notifier/mocks/eventsInterceptorStub.go:20.58,22.2 1 0
github.com/TerraDharitri/drt-go-chain-notifier/mocks/facadeStub.go:21.77,22.38 1 0
github.com/TerraDharitri/drt-go-chain-notifier/mocks/facadeStub.go:22.38,24.3 1 0
github.com/TerraDharitri/drt-go-chain-notifier/mocks/facadeStub.go:26.2,26.12 1 0
github.com/TerraDharitri/drt-go-chain-notifier/mocks/facadeStub.go:30.67,31.40 1 0
github.com/TerraDharitri/drt-go-chain-notifier/mocks/facadeStub.go:31.40,33.3 1 0
github.com/TerraDharitri/drt-go-chain-notifier/mocks/facadeStub.go:37.73,38.43 1 0
github.com/TerraDharitri/drt-go-chain-notifier/mocks/facadeStub.go:38.43,40.3 1 0
github.com/TerraDharitri/drt-go-chain-notifier/mocks/facadeStub.go:44.73,45.27 1 0
github.com/TerraDharitri/drt-go-chain-notifier/mocks/facadeStub.go:45.27,47.3 1 0
github.com/TerraDharitri/drt-go-chain-notifier/mocks/facadeStub.go:51.66,52.45 1 0
github.com/TerraDharitri/drt-go-chain-notifier/mocks/facadeStub.go:52.45,54.3 1 0
github.com/TerraDharitri/drt-go-chain-notifier/mocks/facadeStub.go:56.2,56.15 1 0
github.com/TerraDharitri/drt-go-chain-notifier/mocks/facadeStub.go:60.77,61.32 1 0
github.com/TerraDharitri/drt-go-chain-notifier/mocks/facadeStub.go:61.32,63.3 1 0
github.com/TerraDharitri/drt-go-chain-notifier/mocks/facadeStub.go:65.2,65.12 1 0
github.com/TerraDharitri/drt-go-chain-notifier/mocks/facadeStub.go:69.56,70.45 1 0
github.com/TerraDharitri/drt-go-chain-notifier/mocks/facadeStub.go:70.45,72.3 1 0
github.com/TerraDharitri/drt-go-chain-notifier/mocks/facadeStub.go:74.2,74.11 1 0
github.com/TerraDharitri/drt-go-chain-notifier/mocks/facadeStub.go:78.45,80.2 1 0
github.com/TerraDharitri/drt-go-chain-notifier/mocks/httpServerStub.go:12.51,13.37 1 0
github.com/TerraDharitri/drt-go-chain-notifier/mocks/httpServerStub.go:13.37,15.3 1 0
github.com/TerraDharitri/drt-go-chain-notifier/mocks/httpServerStub.go:17.2,17.12 1 0
github.com/TerraDharitri/drt-go-chain-notifier/mocks/httpServerStub.go:21.64,22.31 1 0
github.com/TerraDharitri/drt-go-chain-notifier/mocks/httpServerStub.go:22.31,24.3 1 0
github.com/TerraDharitri/drt-go-chain-notifier/mocks/httpServerStub.go:26.2,26.12 1 0
github.com/TerraDharitri/drt-go-chain-notifier/mocks/hubStub.go:23.52,24.28 1 0
github.com/TerraDharitri/drt-go-chain-notifier/mocks/hubStub.go:24.28,26.3 1 0
github.com/TerraDharitri/drt-go-chain-notifier/mocks/hubStub.go:30.63,31.34 1 0
github.com/TerraDharitri/drt-go-chain-notifier/mocks/hubStub.go:31.34,33.3 1 0
github.com/TerraDharitri/drt-go-chain-notifier/mocks/hubStub.go:37.72,38.37 1 0
github.com/TerraDharitri/drt-go-chain-notifier/mocks/hubStub.go:38.37,40.3 1 0
github.com/TerraDharitri/drt-go-chain-notifier/mocks/hubStub.go:44.54,45.31 1 0
github.com/TerraDharitri/drt-go-chain-notifier/mocks/hubStub.go:45.31,47.3 1 0
github.com/TerraDharitri/drt-go-chain-notifier/mocks/hubStub.go:51.57,52.32 1 0
github.com/TerraDharitri/drt-go-chain-notifier/mocks/hubStub.go:52.32,54.3 1 0
github.com/TerraDharitri/drt-go-chain-notifier/mocks/hubStub.go:58.83,59.48 1 0
github.com/TerraDharitri/drt-go-chain-notifier/mocks/hubStub.go:59.48,61.3 1 0
github.com/TerraDharitri/drt-go-chain-notifier/mocks/hubStub.go:65.67,66.34 1 0
github.com/TerraDharitri/drt-go-chain-notifier/mocks/hubStub.go:66.34,68.3 1 0
github.com/TerraDharitri/drt-go-chain-notifier/mocks/hubStub.go:72.69,73.36 1 0
github.com/TerraDharitri/drt-go-chain-notifier/mocks/hubStub.go:73.36,75.3 1 0
github.com/TerraDharitri/drt-go-chain-notifier/mocks/hubStub.go:79.56,80.30 1 0
github.com/TerraDharitri/drt-go-chain-notifier/mocks/hubStub.go:80.30,82.3 1 0
github.com/TerraDharitri/drt-go-chain-notifier/mocks/hubStub.go:86.33,88.2 1 0
github.com/TerraDharitri/drt-go-chain-notifier/mocks/hubStub.go:91.41,93.2 1 0
github.com/TerraDharitri/drt-go-chain-notifier/mocks/lockerStub.go:12.93,13.38 1 0
github.com/TerraDharitri/drt-go-chain-notifier/mocks/lockerStub.go:13.38,15.3 1 0
github.com/TerraDharitri/drt-go-chain-notifier/mocks/lockerStub.go:17.2,17.19 1 0
github.com/TerraDharitri/drt-go-chain-notifier/mocks/lockerStub.go:21.63,22.35 1 0
github.com/TerraDharitri/drt-go-chain-notifier/mocks/lockerStub.go:22.35,24.3 1 0
github.com/TerraDharitri/drt-go-chain-notifier/mocks/lockerStub.go:26.2,26.14 1 0
github.com/TerraDharitri/drt-go-chain-notifier/mocks/lockerStub.go:30.45,32.2 1 0
github.com/TerraDharitri/drt-go-chain-notifier/mocks/payloadHandlerStub.go:10.98,11.36 1 0
github.com/TerraDharitri/drt-go-chain-notifier/mocks/payloadHandlerStub.go:11.36,13.3 1 0
github.com/TerraDharitri/drt-go-chain-notifier/mocks/payloadHandlerStub.go:14.2,14.12 1 0
github.com/TerraDharitri/drt-go-chain-notifier/mocks/payloadHandlerStub.go:18.45,19.27 1 0
github.com/TerraDharitri/drt-go-chain-notifier/mocks/payloadHandlerStub.go:19.27,21.3 1 0
github.com/TerraDharitri/drt-go-chain-notifier/mocks/payloadHandlerStub.go:22.2,22.12 1 0
github.com/TerraDharitri/drt-go-chain-notifier/mocks/payloadHandlerStub.go:26.53,28.2 1 0
github.com/TerraDharitri/drt-go-chain-notifier/mocks/pubKeyConverterMock.go:15.66,19.2 1 0
github.com/TerraDharitri/drt-go-chain-notifier/mocks/pubKeyConverterMock.go:22.78,24.2 1 0
github.com/TerraDharitri/drt-go-chain-notifier/mocks/pubKeyConverterMock.go:27.72,29.2 1 0
github.com/TerraDharitri/drt-go-chain-notifier/mocks/pubKeyConverterMock.go:32.43,34.2 1 0
github.com/TerraDharitri/drt-go-chain-notifier/mocks/pubKeyConverterMock.go:37.86,39.2 1 0
github.com/TerraDharitri/drt-go-chain-notifier/mocks/pubKeyConverterMock.go:42.86,45.36 2 0
github.com/TerraDharitri/drt-go-chain-notifier/mocks/pubKeyConverterMock.go:45.36,47.3 1 0
github.com/TerraDharitri/drt-go-chain-notifier/mocks/pubKeyConverterMock.go:49.2,49.26 1 0
github.com/TerraDharitri/drt-go-chain-notifier/mocks/pubKeyConverterMock.go:53.55,55.2 1 2
github.com/TerraDharitri/drt-go-chain-notifier/mocks/publisherHandlerStub.go:18.65,19.28 1 0
github.com/TerraDharitri/drt-go-chain-notifier/mocks/publisherHandlerStub.go:19.28,21.3 1 0
github.com/TerraDharitri/drt-go-chain-notifier/mocks/publisherHandlerStub.go:25.76,26.34 1 0
github.com/TerraDharitri/drt-go-chain-notifier/mocks/publisherHandlerStub.go:26.34,28.3 1 0
github.com/TerraDharitri/drt-go-chain-notifier/mocks/publisherHandlerStub.go:32.85,33.37 1 0
github.com/TerraDharitri/drt-go-chain-notifier/mocks/publisherHandlerStub.go:33.37,35.3 1 0
github.com/TerraDharitri/drt-go-chain-notifier/mocks/publisherHandlerStub.go:39.67,40.31 1 0
github.com/TerraDharitri/drt-go-chain-notifier/mocks/publisherHandlerStub.go:40.31,42.3 1 0
github.com/TerraDharitri/drt-go-chain-notifier/mocks/publisherHandlerStub.go:46.70,47.32 1 0
github.com/TerraDharitri/drt-go-chain-notifier/mocks/publisherHandlerStub.go:47.32,49.3 1 0
github.com/TerraDharitri/drt-go-chain-notifier/mocks/publisherHandlerStub.go:53.96,54.48 1 0
github.com/TerraDharitri/drt-go-chain-notifier/mocks/publisherHandlerStub.go:54.48,56.3 1 0
github.com/TerraDharitri/drt-go-chain-notifier/mocks/publisherHandlerStub.go:60.92,61.46 1 0
github.com/TerraDharitri/drt-go-chain-notifier/mocks/publisherHandlerStub.go:61.46,63.3 1 0
github.com/TerraDharitri/drt-go-chain-notifier/mocks/publisherHandlerStub.go:67.46,68.26 1 0
github.com/TerraDharitri/drt-go-chain-notifier/mocks/publisherHandlerStub.go:68.26,70.3 1 0
github.com/TerraDharitri/drt-go-chain-notifier/mocks/publisherHandlerStub.go:72.2,72.12 1 0
github.com/TerraDharitri/drt-go-chain-notifier/mocks/publisherHandlerStub.go:76.54,78.2 1 0
github.com/TerraDharitri/drt-go-chain-notifier/mocks/publisherStub.go:19.38,20.25 1 0
github.com/TerraDharitri/drt-go-chain-notifier/mocks/publisherStub.go:20.25,22.3 1 0
github.com/TerraDharitri/drt-go-chain-notifier/mocks/publisherStub.go:24.2,24.12 1 0
github.com/TerraDharitri/drt-go-chain-notifier/mocks/publisherStub.go:28.61,29.31 1 0
github.com/TerraDharitri/drt-go-chain-notifier/mocks/publisherStub.go:29.31,31.3 1 0
github.com/TerraDharitri/drt-go-chain-notifier/mocks/publisherStub.go:35.66,36.37 1 0
github.com/TerraDharitri/drt-go-chain-notifier/mocks/publisherStub.go:36.37,38.3 1 0
github.com/TerraDharitri/drt-go-chain-notifier/mocks/publisherStub.go:42.72,43.40 1 0
github.com/TerraDharitri/drt-go-chain-notifier/mocks/publisherStub.go:43.40,45.3 1 0
github.com/TerraDharitri/drt-go-chain-notifier/mocks/publisherStub.go:49.60,50.34 1 0
github.com/TerraDharitri/drt-go-chain-notifier/mocks/publisherStub.go:50.34,52.3 1 0
github.com/TerraDharitri/drt-go-chain-notifier/mocks/publisherStub.go:56.62,57.35 1 0
github.com/TerraDharitri/drt-go-chain-notifier/mocks/publisherStub.go:57.35,59.3 1 0
github.com/TerraDharitri/drt-go-chain-notifier/mocks/publisherStub.go:63.89,64.51 1 0
github.com/TerraDharitri/drt-go-chain-notifier/mocks/publisherStub.go:64.51,66.3 1 0
github.com/TerraDharitri/drt-go-chain-notifier/mocks/publisherStub.go:70.80,71.44 1 0
github.com/TerraDharitri/drt-go-chain-notifier/mocks/publisherStub.go:71.44,73.3 1 0
github.com/TerraDharitri/drt-go-chain-notifier/mocks/publisherStub.go:77.40,78.27 1 0
github.com/TerraDharitri/drt-go-chain-notifier/mocks/publisherStub.go:78.27,80.3 1 0
github.com/TerraDharitri/drt-go-chain-notifier/mocks/publisherStub.go:82.2,82.12 1 0
github.com/TerraDharitri/drt-go-chain-notifier/mocks/publisherStub.go:86.48,88.2 1 0
github.com/TerraDharitri/drt-go-chain-notifier/mocks/rabbitMqClientMock.go:16.46,20.2 1 2
github.com/TerraDharitri/drt-go-chain-notifier/mocks/rabbitMqClientMock.go:23.113,30.2 4 14
github.com/TerraDharitri/drt-go-chain-notifier/mocks/rabbitMqClientMock.go:33.70,35.2 1 14
github.com/TerraDharitri/drt-go-chain-notifier/mocks/rabbitMqClientMock.go:38.60,40.2 1 0
github.com/TerraDharitri/drt-go-chain-notifier/mocks/rabbitMqClientMock.go:43.61,45.2 1 0
github.com/TerraDharitri/drt-go-chain-notifier/mocks/rabbitMqClientMock.go:48.42,49.2 0 0
github.com/TerraDharitri/drt-go-chain-notifier/mocks/rabbitMqClientMock.go:52.46,53.2 0 0
github.com/TerraDharitri/drt-go-chain-notifier/mocks/rabbitMqClientMock.go:56.69,61.2 3 2
github.com/TerraDharitri/drt-go-chain-notifier/mocks/rabbitMqClientMock.go:64.38,65.2 0 2
github.com/TerraDharitri/drt-go-chain-notifier/mocks/rabbitMqClientMock.go:68.51,70.2 1 2
github.com/TerraDharitri/drt-go-chain-notifier/mocks/rabbitMqClientStub.go:17.113,18.29 1 0
github.com/TerraDharitri/drt-go-chain-notifier/mocks/rabbitMqClientStub.go:18.29,20.3 1 0
github.com/TerraDharitri/drt-go-chain-notifier/mocks/rabbitMqClientStub.go:21.2,21.12 1 0
github.com/TerraDharitri/drt-go-chain-notifier/mocks/rabbitMqClientStub.go:25.70,26.37 1 0
github.com/TerraDharitri/drt-go-chain-notifier/mocks/rabbitMqClientStub.go:26.37,28.3 1 0
github.com/TerraDharitri/drt-go-chain-notifier/mocks/rabbitMqClientStub.go:29.2,29.12 1 0
github.com/TerraDharitri/drt-go-chain-notifier/mocks/rabbitMqClientStub.go:33.60,34.33 1 0
github.com/TerraDharitri/drt-go-chain-notifier/mocks/rabbitMqClientStub.go:34.33,36.3 1 0
github.com/TerraDharitri/drt-go-chain-notifier/mocks/rabbitMqClientStub.go:37.2,37.12 1 0
github.com/TerraDharitri/drt-go-chain-notifier/mocks/rabbitMqClientStub.go:41.61,42.34 1 0
github.com/TerraDharitri/drt-go-chain-notifier/mocks/rabbitMqClientStub.go:42.34,44.3 1 0
github.com/TerraDharitri/drt-go-chain-notifier/mocks/rabbitMqClientStub.go:45.2,45.12 1 0
github.com/TerraDharitri/drt-go-chain-notifier/mocks/rabbitMqClientStub.go:49.41,50.31 1 0
github.com/TerraDharitri/drt-go-chain-notifier/mocks/rabbitMqClientStub.go:50.31,52.3 1 0
github.com/TerraDharitri/drt-go-chain-notifier/mocks/rabbitMqClientStub.go:56.45,57.35 1 0
github.com/TerraDharitri/drt-go-chain-notifier/mocks/rabbitMqClientStub.go:57.35,59.3 1 0
github.com/TerraDharitri/drt-go-chain-notifier/mocks/rabbitMqClientStub.go:63.37,64.27 1 0
github.com/TerraDharitri/drt-go-chain-notifier/mocks/rabbitMqClientStub.go:64.27,66.3 1 0
github.com/TerraDharitri/drt-go-chain-notifier/mocks/rabbitMqClientStub.go:70.51,72.2 1 0
github.com/TerraDharitri/drt-go-chain-notifier/mocks/redisClientMock.go:16.44,20.2 1 2
github.com/TerraDharitri/drt-go-chain-notifier/mocks/redisClientMock.go:23.113,28.33 4 10
github.com/TerraDharitri/drt-go-chain-notifier/mocks/redisClientMock.go:28.33,29.31 1 15
github.com/TerraDharitri/drt-go-chain-notifier/mocks/redisClientMock.go:29.31,31.9 2 4
github.com/TerraDharitri/drt-go-chain-notifier/mocks/redisClientMock.go:35.2,35.13 1 10
github.com/TerraDharitri/drt-go-chain-notifier/mocks/redisClientMock.go:35.13,38.3 2 6
github.com/TerraDharitri/drt-go-chain-notifier/mocks/redisClientMock.go:40.2,40.19 1 4
github.com/TerraDharitri/drt-go-chain-notifier/mocks/redisClientMock.go:44.57,49.2 3 2
github.com/TerraDharitri/drt-go-chain-notifier/mocks/redisClientMock.go:52.68,54.2 1 0
github.com/TerraDharitri/drt-go-chain-notifier/mocks/redisClientMock.go:57.64,59.2 1 0
github.com/TerraDharitri/drt-go-chain-notifier/mocks/redisClientMock.go:62.50,64.2 1 2
github.com/TerraDharitri/drt-go-chain-notifier/mocks/redisClientStub.go:16.113,17.30 1 0
github.com/TerraDharitri/drt-go-chain-notifier/mocks/redisClientStub.go:17.30,19.3 1 0
github.com/TerraDharitri/drt-go-chain-notifier/mocks/redisClientStub.go:21.2,21.19 1 0
github.com/TerraDharitri/drt-go-chain-notifier/mocks/redisClientStub.go:25.68,26.26 1 0
github.com/TerraDharitri/drt-go-chain-notifier/mocks/redisClientStub.go:26.26,28.3 1 0
github.com/TerraDharitri/drt-go-chain-notifier/mocks/redisClientStub.go:30.2,30.16 1 0
github.com/TerraDharitri/drt-go-chain-notifier/mocks/redisClientStub.go:34.64,35.33 1 0
github.com/TerraDharitri/drt-go-chain-notifier/mocks/redisClientStub.go:35.33,37.3 1 0
github.com/TerraDharitri/drt-go-chain-notifier/mocks/redisClientStub.go:39.2,39.14 1 0
github.com/TerraDharitri/drt-go-chain-notifier/mocks/redisClientStub.go:43.50,45.2 1 0
github.com/TerraDharitri/drt-go-chain-notifier/mocks/statusMetricsStub.go:17.77,18.31 1 0
github.com/TerraDharitri/drt-go-chain-notifier/mocks/statusMetricsStub.go:18.31,20.3 1 0
github.com/TerraDharitri/drt-go-chain-notifier/mocks/statusMetricsStub.go:24.79,25.27 1 0
github.com/TerraDharitri/drt-go-chain-notifier/mocks/statusMetricsStub.go:25.27,27.3 1 0
github.com/TerraDharitri/drt-go-chain-notifier/mocks/statusMetricsStub.go:29.2,29.12 1 0
github.com/TerraDharitri/drt-go-chain-notifier/mocks/statusMetricsStub.go:33.62,34.44 1 0
github.com/TerraDharitri/drt-go-chain-notifier/mocks/statusMetricsStub.go:34.44,36.3 1 0
github.com/TerraDharitri/drt-go-chain-notifier/mocks/statusMetricsStub.go:38.2,38.11 1 0
github.com/TerraDharitri/drt-go-chain-notifier/mocks/statusMetricsStub.go:42.51,44.2 1 0
github.com/TerraDharitri/drt-go-chain-notifier/mocks/wsConnStub.go:21.74,22.31 1 0
github.com/TerraDharitri/drt-go-chain-notifier/mocks/wsConnStub.go:22.31,24.3 1 0
github.com/TerraDharitri/drt-go-chain-notifier/mocks/wsConnStub.go:26.2,26.17 1 0
github.com/TerraDharitri/drt-go-chain-notifier/mocks/wsConnStub.go:30.71,31.33 1 0
github.com/TerraDharitri/drt-go-chain-notifier/mocks/wsConnStub.go:31.33,33.3 1 0
github.com/TerraDharitri/drt-go-chain-notifier/mocks/wsConnStub.go:35.2,35.12 1 0
github.com/TerraDharitri/drt-go-chain-notifier/mocks/wsConnStub.go:39.75,40.32 1 0
github.com/TerraDharitri/drt-go-chain-notifier/mocks/wsConnStub.go:40.32,42.3 1 0
github.com/TerraDharitri/drt-go-chain-notifier/mocks/wsConnStub.go:44.2,44.20 1 0
github.com/TerraDharitri/drt-go-chain-notifier/mocks/wsConnStub.go:48.58,49.37 1 0
github.com/TerraDharitri/drt-go-chain-notifier/mocks/wsConnStub.go:49.37,51.3 1 0
github.com/TerraDharitri/drt-go-chain-notifier/mocks/wsConnStub.go:53.2,53.12 1 0
github.com/TerraDharitri/drt-go-chain-notifier/mocks/wsConnStub.go:57.48,58.33 1 0
github.com/TerraDharitri/drt-go-chain-notifier/mocks/wsConnStub.go:58.33,60.3 1 0
github.com/TerraDharitri/drt-go-chain-notifier/mocks/wsConnStub.go:64.57,65.36 1 0
github.com/TerraDharitri/drt-go-chain-notifier/mocks/wsConnStub.go:65.36,67.3 1 0
github.com/TerraDharitri/drt-go-chain-notifier/mocks/wsConnStub.go:69.2,69.12 1 0
github.com/TerraDharitri/drt-go-chain-notifier/mocks/wsConnStub.go:73.67,74.35 1 0
github.com/TerraDharitri/drt-go-chain-notifier/mocks/wsConnStub.go:74.35,76.3 1 0
github.com/TerraDharitri/drt-go-chain-notifier/mocks/wsConnStub.go:80.36,81.26 1 0
github.com/TerraDharitri/drt-go-chain-notifier/mocks/wsConnStub.go:81.26,83.3 1 0
github.com/TerraDharitri/drt-go-chain-notifier/mocks/wsConnStub.go:85.2,85.12 1 0
github.com/TerraDharitri/drt-go-chain-notifier/mocks/wsHandlerStub.go:11.77,12.32 1 0
github.com/TerraDharitri/drt-go-chain-notifier/mocks/wsHandlerStub.go:12.32,14.3 1 0
github.com/TerraDharitri/drt-go-chain-notifier/mocks/wsHandlerStub.go:18.49,20.2 1 0
github.com/TerraDharitri/drt-go-chain-notifier/mocks/wsUpgraderStub.go:15.137,16.30 1 0
github.com/TerraDharitri/drt-go-chain-notifier/mocks/wsUpgraderStub.go:16.30,18.3 1 0
github.com/TerraDharitri/drt-go-chain-notifier/mocks/wsUpgraderStub.go:20.2,20.17 1 0
github.com/TerraDharitri/drt-go-chain-notifier/mocks/wsUpgraderStub.go:24.50,26.2 1 0
